{"__type":"$$EventMessageAudit","id":"518d1f4b-2e4b-412a-906e-f7cb01803f90","ts":"2025-09-17T10:13:33.743-04:00","eventName":"n8n.audit.workflow.updated","message":"n8n.audit.workflow.updated","payload":{"userId":"f55a37bb-3c2c-4b89-a9ee-cfc1ed810595","_email":"jesus.pardo@airtrace.io","_firstName":"Jesus","_lastName":"Pardo Alvarez","globalRole":"global:owner","workflowId":"EJ8kLzFoeRTVT2ez","workflowName":"RAG System"}}
{"__type":"$$EventMessageConfirm","confirm":"518d1f4b-2e4b-412a-906e-f7cb01803f90","ts":"2025-09-17T10:13:33.743-04:00","source":{"id":"0","name":"eventBus"}}
{"__type":"$$EventMessageWorkflow","id":"f0203345-6e6e-4c1c-a469-6c5361c33b27","ts":"2025-09-17T10:13:55.266-04:00","eventName":"n8n.workflow.started","message":"n8n.workflow.started","payload":{"executionId":"1234","workflowId":"EJ8kLzFoeRTVT2ez","isManual":false,"workflowName":"RAG System"}}
{"__type":"$$EventMessageConfirm","confirm":"f0203345-6e6e-4c1c-a469-6c5361c33b27","ts":"2025-09-17T10:13:55.266-04:00","source":{"id":"0","name":"eventBus"}}
{"__type":"$$EventMessageNode","id":"0ae6eedb-c73c-4b91-b148-3da7d3b43275","ts":"2025-09-17T10:13:55.266-04:00","eventName":"n8n.node.started","message":"n8n.node.started","payload":{"workflowId":"EJ8kLzFoeRTVT2ez","workflowName":"RAG System","executionId":"1234","nodeType":"n8n-nodes-base.formTrigger","nodeName":"Upload file","nodeId":"1c269fe8-8e00-4584-aaa1-3231ce07c5f6"}}
{"__type":"$$EventMessageConfirm","confirm":"0ae6eedb-c73c-4b91-b148-3da7d3b43275","ts":"2025-09-17T10:13:55.267-04:00","source":{"id":"0","name":"eventBus"}}
{"__type":"$$EventMessageNode","id":"42af170d-1cae-4a53-9465-387d497aaf3f","ts":"2025-09-17T10:13:55.268-04:00","eventName":"n8n.node.finished","message":"n8n.node.finished","payload":{"workflowId":"EJ8kLzFoeRTVT2ez","workflowName":"RAG System","executionId":"1234","nodeType":"n8n-nodes-base.formTrigger","nodeName":"Upload file","nodeId":"1c269fe8-8e00-4584-aaa1-3231ce07c5f6"}}
{"__type":"$$EventMessageConfirm","confirm":"42af170d-1cae-4a53-9465-387d497aaf3f","ts":"2025-09-17T10:13:55.268-04:00","source":{"id":"0","name":"eventBus"}}
{"__type":"$$EventMessageNode","id":"1b248f8f-e72b-4c33-9f11-73f6b50fbdfb","ts":"2025-09-17T10:13:55.269-04:00","eventName":"n8n.node.started","message":"n8n.node.started","payload":{"workflowId":"EJ8kLzFoeRTVT2ez","workflowName":"RAG System","executionId":"1234","nodeType":"n8n-nodes-base.httpRequest","nodeName":"GET Collection 1","nodeId":"18d2935d-e757-48d3-8e3b-84baaccddcd8"}}
{"__type":"$$EventMessageConfirm","confirm":"1b248f8f-e72b-4c33-9f11-73f6b50fbdfb","ts":"2025-09-17T10:13:55.269-04:00","source":{"id":"0","name":"eventBus"}}
{"__type":"$$EventMessageNode","id":"65365c22-c2b8-4693-af02-a3ba81af7b64","ts":"2025-09-17T10:13:55.299-04:00","eventName":"n8n.node.finished","message":"n8n.node.finished","payload":{"workflowId":"EJ8kLzFoeRTVT2ez","workflowName":"RAG System","executionId":"1234","nodeType":"n8n-nodes-base.httpRequest","nodeName":"GET Collection 1","nodeId":"18d2935d-e757-48d3-8e3b-84baaccddcd8"}}
{"__type":"$$EventMessageConfirm","confirm":"65365c22-c2b8-4693-af02-a3ba81af7b64","ts":"2025-09-17T10:13:55.299-04:00","source":{"id":"0","name":"eventBus"}}
{"__type":"$$EventMessageNode","id":"0b5dddc6-8767-4653-a760-49fb14d25236","ts":"2025-09-17T10:13:55.299-04:00","eventName":"n8n.node.started","message":"n8n.node.started","payload":{"workflowId":"EJ8kLzFoeRTVT2ez","workflowName":"RAG System","executionId":"1234","nodeType":"n8n-nodes-base.if","nodeName":"Collection NOT Exist 1","nodeId":"caedb4dc-0163-4d8f-80b6-59267ad3d39d"}}
{"__type":"$$EventMessageConfirm","confirm":"0b5dddc6-8767-4653-a760-49fb14d25236","ts":"2025-09-17T10:13:55.300-04:00","source":{"id":"0","name":"eventBus"}}
{"__type":"$$EventMessageNode","id":"343e4a43-1ea8-4082-8bd2-99a76f421c99","ts":"2025-09-17T10:13:55.333-04:00","eventName":"n8n.node.finished","message":"n8n.node.finished","payload":{"workflowId":"EJ8kLzFoeRTVT2ez","workflowName":"RAG System","executionId":"1234","nodeType":"n8n-nodes-base.if","nodeName":"Collection NOT Exist 1","nodeId":"caedb4dc-0163-4d8f-80b6-59267ad3d39d"}}
{"__type":"$$EventMessageConfirm","confirm":"343e4a43-1ea8-4082-8bd2-99a76f421c99","ts":"2025-09-17T10:13:55.333-04:00","source":{"id":"0","name":"eventBus"}}
{"__type":"$$EventMessageNode","id":"5e77dc03-46cc-413f-ab4a-5276e40e00a6","ts":"2025-09-17T10:13:55.334-04:00","eventName":"n8n.node.started","message":"n8n.node.started","payload":{"workflowId":"EJ8kLzFoeRTVT2ez","workflowName":"RAG System","executionId":"1234","nodeType":"n8n-nodes-base.merge","nodeName":"File not Exist","nodeId":"ca9b4f5a-c560-4ade-9f70-c586f706b529"}}
{"__type":"$$EventMessageConfirm","confirm":"5e77dc03-46cc-413f-ab4a-5276e40e00a6","ts":"2025-09-17T10:13:55.334-04:00","source":{"id":"0","name":"eventBus"}}
{"__type":"$$EventMessageNode","id":"b6e1e392-31da-4199-8571-cbd666b42b37","ts":"2025-09-17T10:13:55.355-04:00","eventName":"n8n.node.finished","message":"n8n.node.finished","payload":{"workflowId":"EJ8kLzFoeRTVT2ez","workflowName":"RAG System","executionId":"1234","nodeType":"n8n-nodes-base.merge","nodeName":"File not Exist","nodeId":"ca9b4f5a-c560-4ade-9f70-c586f706b529"}}
{"__type":"$$EventMessageConfirm","confirm":"b6e1e392-31da-4199-8571-cbd666b42b37","ts":"2025-09-17T10:13:55.355-04:00","source":{"id":"0","name":"eventBus"}}
{"__type":"$$EventMessageNode","id":"c347d7b2-cd5f-42c8-a234-2b092086d4bc","ts":"2025-09-17T10:13:55.356-04:00","eventName":"n8n.node.started","message":"n8n.node.started","payload":{"workflowId":"EJ8kLzFoeRTVT2ez","workflowName":"RAG System","executionId":"1234","nodeType":"n8n-nodes-base.executeCommand","nodeName":"Create Directory","nodeId":"f91d47c7-0aa9-4bb7-a1ec-0f52ce768157"}}
{"__type":"$$EventMessageConfirm","confirm":"c347d7b2-cd5f-42c8-a234-2b092086d4bc","ts":"2025-09-17T10:13:55.356-04:00","source":{"id":"0","name":"eventBus"}}
{"__type":"$$EventMessageNode","id":"54a5d1c1-a88f-410e-bcc5-be3fb4ccd555","ts":"2025-09-17T10:13:55.356-04:00","eventName":"n8n.node.finished","message":"n8n.node.finished","payload":{"workflowId":"EJ8kLzFoeRTVT2ez","workflowName":"RAG System","executionId":"1234","nodeType":"n8n-nodes-base.executeCommand","nodeName":"Create Directory","nodeId":"f91d47c7-0aa9-4bb7-a1ec-0f52ce768157"}}
{"__type":"$$EventMessageConfirm","confirm":"54a5d1c1-a88f-410e-bcc5-be3fb4ccd555","ts":"2025-09-17T10:13:55.356-04:00","source":{"id":"0","name":"eventBus"}}
{"__type":"$$EventMessageNode","id":"c6b429b0-35fc-44e9-9faf-4f1e774ef965","ts":"2025-09-17T10:13:55.356-04:00","eventName":"n8n.node.started","message":"n8n.node.started","payload":{"workflowId":"EJ8kLzFoeRTVT2ez","workflowName":"RAG System","executionId":"1234","nodeType":"n8n-nodes-base.readWriteFile","nodeName":"Write Files from Disk","nodeId":"815e81b6-0f6f-4918-bbe0-098d343fdbd2"}}
{"__type":"$$EventMessageConfirm","confirm":"c6b429b0-35fc-44e9-9faf-4f1e774ef965","ts":"2025-09-17T10:13:55.356-04:00","source":{"id":"0","name":"eventBus"}}
{"__type":"$$EventMessageNode","id":"2db35e12-8687-498b-8c5b-9b86f9fe17f3","ts":"2025-09-17T10:13:55.356-04:00","eventName":"n8n.node.finished","message":"n8n.node.finished","payload":{"workflowId":"EJ8kLzFoeRTVT2ez","workflowName":"RAG System","executionId":"1234","nodeType":"n8n-nodes-base.readWriteFile","nodeName":"Write Files from Disk","nodeId":"815e81b6-0f6f-4918-bbe0-098d343fdbd2"}}
{"__type":"$$EventMessageConfirm","confirm":"2db35e12-8687-498b-8c5b-9b86f9fe17f3","ts":"2025-09-17T10:13:55.356-04:00","source":{"id":"0","name":"eventBus"}}
{"__type":"$$EventMessageNode","id":"3c9f9395-46b1-408c-b1ec-4456bf355e08","ts":"2025-09-17T10:13:55.357-04:00","eventName":"n8n.node.started","message":"n8n.node.started","payload":{"workflowId":"EJ8kLzFoeRTVT2ez","workflowName":"RAG System","executionId":"1234","nodeType":"n8n-nodes-base.switch","nodeName":"Switch File Type","nodeId":"c180dfdd-d3eb-4779-af92-9c361091dff8"}}
{"__type":"$$EventMessageConfirm","confirm":"3c9f9395-46b1-408c-b1ec-4456bf355e08","ts":"2025-09-17T10:13:55.357-04:00","source":{"id":"0","name":"eventBus"}}
{"__type":"$$EventMessageNode","id":"79e68360-16ac-40c0-9515-ec014824f57a","ts":"2025-09-17T10:13:55.363-04:00","eventName":"n8n.node.finished","message":"n8n.node.finished","payload":{"workflowId":"EJ8kLzFoeRTVT2ez","workflowName":"RAG System","executionId":"1234","nodeType":"n8n-nodes-base.switch","nodeName":"Switch File Type","nodeId":"c180dfdd-d3eb-4779-af92-9c361091dff8"}}
{"__type":"$$EventMessageConfirm","confirm":"79e68360-16ac-40c0-9515-ec014824f57a","ts":"2025-09-17T10:13:55.363-04:00","source":{"id":"0","name":"eventBus"}}
{"__type":"$$EventMessageNode","id":"930b2398-8adb-4d66-9993-42644204c0fb","ts":"2025-09-17T10:13:55.363-04:00","eventName":"n8n.node.started","message":"n8n.node.started","payload":{"workflowId":"EJ8kLzFoeRTVT2ez","workflowName":"RAG System","executionId":"1234","nodeType":"n8n-nodes-base.extractFromFile","nodeName":"Extract .pdf","nodeId":"cc840fb7-df14-43e9-8973-f32b4d0389a9"}}
{"__type":"$$EventMessageConfirm","confirm":"930b2398-8adb-4d66-9993-42644204c0fb","ts":"2025-09-17T10:13:55.363-04:00","source":{"id":"0","name":"eventBus"}}
{"__type":"$$EventMessageNode","id":"b8bce4f2-1ccb-40bd-bb25-176d40f24641","ts":"2025-09-17T10:13:56.866-04:00","eventName":"n8n.node.finished","message":"n8n.node.finished","payload":{"workflowId":"EJ8kLzFoeRTVT2ez","workflowName":"RAG System","executionId":"1234","nodeType":"n8n-nodes-base.extractFromFile","nodeName":"Extract .pdf","nodeId":"cc840fb7-df14-43e9-8973-f32b4d0389a9"}}
{"__type":"$$EventMessageConfirm","confirm":"b8bce4f2-1ccb-40bd-bb25-176d40f24641","ts":"2025-09-17T10:13:56.867-04:00","source":{"id":"0","name":"eventBus"}}
{"__type":"$$EventMessageNode","id":"d101b834-30bc-4eae-b48c-2fda31999560","ts":"2025-09-17T10:13:56.867-04:00","eventName":"n8n.node.started","message":"n8n.node.started","payload":{"workflowId":"EJ8kLzFoeRTVT2ez","workflowName":"RAG System","executionId":"1234","nodeType":"n8n-nodes-base.code","nodeName":"Text Splitter","nodeId":"83e7ccad-5069-4a11-a698-95943f8a40da"}}
{"__type":"$$EventMessageConfirm","confirm":"d101b834-30bc-4eae-b48c-2fda31999560","ts":"2025-09-17T10:13:56.868-04:00","source":{"id":"0","name":"eventBus"}}
{"__type":"$$EventMessageNode","id":"75ebd7ed-d132-4b64-9542-dbae14f4c922","ts":"2025-09-17T10:13:56.902-04:00","eventName":"n8n.node.finished","message":"n8n.node.finished","payload":{"workflowId":"EJ8kLzFoeRTVT2ez","workflowName":"RAG System","executionId":"1234","nodeType":"n8n-nodes-base.code","nodeName":"Text Splitter","nodeId":"83e7ccad-5069-4a11-a698-95943f8a40da"}}
{"__type":"$$EventMessageConfirm","confirm":"75ebd7ed-d132-4b64-9542-dbae14f4c922","ts":"2025-09-17T10:13:56.903-04:00","source":{"id":"0","name":"eventBus"}}
{"__type":"$$EventMessageNode","id":"5c9fdc7f-2c9f-457a-8893-274976f672b5","ts":"2025-09-17T10:13:56.903-04:00","eventName":"n8n.node.started","message":"n8n.node.started","payload":{"workflowId":"EJ8kLzFoeRTVT2ez","workflowName":"RAG System","executionId":"1234","nodeType":"n8n-nodes-base.code","nodeName":"Chunk Post-Processor","nodeId":"017a3267-074b-45b4-94dc-7e26a9e95c39"}}
{"__type":"$$EventMessageConfirm","confirm":"5c9fdc7f-2c9f-457a-8893-274976f672b5","ts":"2025-09-17T10:13:56.903-04:00","source":{"id":"0","name":"eventBus"}}
{"__type":"$$EventMessageNode","id":"20ef8926-a22f-401c-8415-7eb611439016","ts":"2025-09-17T10:13:56.944-04:00","eventName":"n8n.node.finished","message":"n8n.node.finished","payload":{"workflowId":"EJ8kLzFoeRTVT2ez","workflowName":"RAG System","executionId":"1234","nodeType":"n8n-nodes-base.code","nodeName":"Chunk Post-Processor","nodeId":"017a3267-074b-45b4-94dc-7e26a9e95c39"}}
{"__type":"$$EventMessageConfirm","confirm":"20ef8926-a22f-401c-8415-7eb611439016","ts":"2025-09-17T10:13:56.944-04:00","source":{"id":"0","name":"eventBus"}}
{"__type":"$$EventMessageNode","id":"21cd3d0c-eacc-43ee-8768-913c67d0eac0","ts":"2025-09-17T10:13:56.944-04:00","eventName":"n8n.node.started","message":"n8n.node.started","payload":{"workflowId":"EJ8kLzFoeRTVT2ez","workflowName":"RAG System","executionId":"1234","nodeType":"n8n-nodes-base.code","nodeName":"Enricher","nodeId":"96917b80-a3ae-4b12-a716-6b375458ed3a"}}
{"__type":"$$EventMessageConfirm","confirm":"21cd3d0c-eacc-43ee-8768-913c67d0eac0","ts":"2025-09-17T10:13:56.944-04:00","source":{"id":"0","name":"eventBus"}}
{"__type":"$$EventMessageNode","id":"46c0543b-5240-43e7-ab88-2d779ee0f51d","ts":"2025-09-17T10:13:56.970-04:00","eventName":"n8n.node.finished","message":"n8n.node.finished","payload":{"workflowId":"EJ8kLzFoeRTVT2ez","workflowName":"RAG System","executionId":"1234","nodeType":"n8n-nodes-base.code","nodeName":"Enricher","nodeId":"96917b80-a3ae-4b12-a716-6b375458ed3a"}}
{"__type":"$$EventMessageConfirm","confirm":"46c0543b-5240-43e7-ab88-2d779ee0f51d","ts":"2025-09-17T10:13:56.971-04:00","source":{"id":"0","name":"eventBus"}}
{"__type":"$$EventMessageNode","id":"33f54243-70b8-48f0-952b-b5af7d2e9af2","ts":"2025-09-17T10:13:56.971-04:00","eventName":"n8n.node.started","message":"n8n.node.started","payload":{"workflowId":"EJ8kLzFoeRTVT2ez","workflowName":"RAG System","executionId":"1234","nodeType":"n8n-nodes-base.code","nodeName":"Embedings","nodeId":"366a3968-e450-46cd-a5bf-4c74081ee96f"}}
{"__type":"$$EventMessageConfirm","confirm":"33f54243-70b8-48f0-952b-b5af7d2e9af2","ts":"2025-09-17T10:13:56.971-04:00","source":{"id":"0","name":"eventBus"}}
{"__type":"$$EventMessageNode","id":"cabb3de9-450e-4498-944d-5654e0bceea8","ts":"2025-09-17T10:14:00.404-04:00","eventName":"n8n.node.finished","message":"n8n.node.finished","payload":{"workflowId":"EJ8kLzFoeRTVT2ez","workflowName":"RAG System","executionId":"1234","nodeType":"n8n-nodes-base.code","nodeName":"Embedings","nodeId":"366a3968-e450-46cd-a5bf-4c74081ee96f"}}
{"__type":"$$EventMessageConfirm","confirm":"cabb3de9-450e-4498-944d-5654e0bceea8","ts":"2025-09-17T10:14:00.404-04:00","source":{"id":"0","name":"eventBus"}}
{"__type":"$$EventMessageNode","id":"0476b3a4-dd19-4147-adec-4b6e938160a4","ts":"2025-09-17T10:14:00.404-04:00","eventName":"n8n.node.started","message":"n8n.node.started","payload":{"workflowId":"EJ8kLzFoeRTVT2ez","workflowName":"RAG System","executionId":"1234","nodeType":"n8n-nodes-base.code","nodeName":"Define Collection","nodeId":"d9451ad3-6f79-42f2-bdb5-0e26677ab6b8"}}
{"__type":"$$EventMessageConfirm","confirm":"0476b3a4-dd19-4147-adec-4b6e938160a4","ts":"2025-09-17T10:14:00.404-04:00","source":{"id":"0","name":"eventBus"}}
{"__type":"$$EventMessageNode","id":"f63d64b2-9454-45a8-b1e7-ba837fb2922c","ts":"2025-09-17T10:14:00.410-04:00","eventName":"n8n.node.finished","message":"n8n.node.finished","payload":{"workflowId":"EJ8kLzFoeRTVT2ez","workflowName":"RAG System","executionId":"1234","nodeType":"n8n-nodes-base.code","nodeName":"Define Collection","nodeId":"d9451ad3-6f79-42f2-bdb5-0e26677ab6b8"}}
{"__type":"$$EventMessageConfirm","confirm":"f63d64b2-9454-45a8-b1e7-ba837fb2922c","ts":"2025-09-17T10:14:00.410-04:00","source":{"id":"0","name":"eventBus"}}
{"__type":"$$EventMessageNode","id":"080a15db-e266-4c5a-8428-8fb2a99df00a","ts":"2025-09-17T10:14:00.410-04:00","eventName":"n8n.node.started","message":"n8n.node.started","payload":{"workflowId":"EJ8kLzFoeRTVT2ez","workflowName":"RAG System","executionId":"1234","nodeType":"n8n-nodes-base.httpRequest","nodeName":"HTTP GET Collection","nodeId":"23ef8faf-d102-49eb-a0c0-4de17a26ad82"}}
{"__type":"$$EventMessageConfirm","confirm":"080a15db-e266-4c5a-8428-8fb2a99df00a","ts":"2025-09-17T10:14:00.410-04:00","source":{"id":"0","name":"eventBus"}}
{"__type":"$$EventMessageNode","id":"e4837ce4-ff7f-4be7-a625-4c8c1c3a7d59","ts":"2025-09-17T10:14:00.429-04:00","eventName":"n8n.node.finished","message":"n8n.node.finished","payload":{"workflowId":"EJ8kLzFoeRTVT2ez","workflowName":"RAG System","executionId":"1234","nodeType":"n8n-nodes-base.httpRequest","nodeName":"HTTP GET Collection","nodeId":"23ef8faf-d102-49eb-a0c0-4de17a26ad82"}}
{"__type":"$$EventMessageConfirm","confirm":"e4837ce4-ff7f-4be7-a625-4c8c1c3a7d59","ts":"2025-09-17T10:14:00.429-04:00","source":{"id":"0","name":"eventBus"}}
{"__type":"$$EventMessageNode","id":"f23c4edd-6b95-44c4-ab6f-5c58fb2d52d8","ts":"2025-09-17T10:14:00.429-04:00","eventName":"n8n.node.started","message":"n8n.node.started","payload":{"workflowId":"EJ8kLzFoeRTVT2ez","workflowName":"RAG System","executionId":"1234","nodeType":"n8n-nodes-base.if","nodeName":"Collection NOT exist","nodeId":"d206005a-b578-4d8b-a019-0862f16c24c5"}}
{"__type":"$$EventMessageConfirm","confirm":"f23c4edd-6b95-44c4-ab6f-5c58fb2d52d8","ts":"2025-09-17T10:14:00.429-04:00","source":{"id":"0","name":"eventBus"}}
{"__type":"$$EventMessageNode","id":"e29266f5-a254-4f10-8d6a-ede86772625f","ts":"2025-09-17T10:14:00.430-04:00","eventName":"n8n.node.finished","message":"n8n.node.finished","payload":{"workflowId":"EJ8kLzFoeRTVT2ez","workflowName":"RAG System","executionId":"1234","nodeType":"n8n-nodes-base.if","nodeName":"Collection NOT exist","nodeId":"d206005a-b578-4d8b-a019-0862f16c24c5"}}
{"__type":"$$EventMessageConfirm","confirm":"e29266f5-a254-4f10-8d6a-ede86772625f","ts":"2025-09-17T10:14:00.430-04:00","source":{"id":"0","name":"eventBus"}}
{"__type":"$$EventMessageNode","id":"e1cb27c6-5424-4713-aa2c-05374dd6ca95","ts":"2025-09-17T10:14:00.431-04:00","eventName":"n8n.node.started","message":"n8n.node.started","payload":{"workflowId":"EJ8kLzFoeRTVT2ez","workflowName":"RAG System","executionId":"1234","nodeType":"n8n-nodes-base.httpRequest","nodeName":"Create Collection","nodeId":"28462cdb-bdf2-43bf-8c8b-b748c254df3c"}}
{"__type":"$$EventMessageConfirm","confirm":"e1cb27c6-5424-4713-aa2c-05374dd6ca95","ts":"2025-09-17T10:14:00.431-04:00","source":{"id":"0","name":"eventBus"}}
{"__type":"$$EventMessageNode","id":"2e97e87b-755b-49ba-b74c-d7a30ccc9f1d","ts":"2025-09-17T10:14:00.687-04:00","eventName":"n8n.node.finished","message":"n8n.node.finished","payload":{"workflowId":"EJ8kLzFoeRTVT2ez","workflowName":"RAG System","executionId":"1234","nodeType":"n8n-nodes-base.httpRequest","nodeName":"Create Collection","nodeId":"28462cdb-bdf2-43bf-8c8b-b748c254df3c"}}
{"__type":"$$EventMessageConfirm","confirm":"2e97e87b-755b-49ba-b74c-d7a30ccc9f1d","ts":"2025-09-17T10:14:00.687-04:00","source":{"id":"0","name":"eventBus"}}
{"__type":"$$EventMessageNode","id":"c48bb18f-b72e-4863-8a69-2353862a23e5","ts":"2025-09-17T10:14:00.687-04:00","eventName":"n8n.node.started","message":"n8n.node.started","payload":{"workflowId":"EJ8kLzFoeRTVT2ez","workflowName":"RAG System","executionId":"1234","nodeType":"n8n-nodes-base.httpRequest","nodeName":"HTTP Get Index","nodeId":"cb8c9446-9e31-4216-9772-7ba3552586d0"}}
{"__type":"$$EventMessageConfirm","confirm":"c48bb18f-b72e-4863-8a69-2353862a23e5","ts":"2025-09-17T10:14:00.687-04:00","source":{"id":"0","name":"eventBus"}}
{"__type":"$$EventMessageNode","id":"6fef2c7f-e437-479f-8c52-d42d12a8d6cb","ts":"2025-09-17T10:14:00.710-04:00","eventName":"n8n.node.finished","message":"n8n.node.finished","payload":{"workflowId":"EJ8kLzFoeRTVT2ez","workflowName":"RAG System","executionId":"1234","nodeType":"n8n-nodes-base.httpRequest","nodeName":"HTTP Get Index","nodeId":"cb8c9446-9e31-4216-9772-7ba3552586d0"}}
{"__type":"$$EventMessageConfirm","confirm":"6fef2c7f-e437-479f-8c52-d42d12a8d6cb","ts":"2025-09-17T10:14:00.710-04:00","source":{"id":"0","name":"eventBus"}}
{"__type":"$$EventMessageNode","id":"714f2d61-7f6a-464d-9b40-1359bbc641c5","ts":"2025-09-17T10:14:00.710-04:00","eventName":"n8n.node.started","message":"n8n.node.started","payload":{"workflowId":"EJ8kLzFoeRTVT2ez","workflowName":"RAG System","executionId":"1234","nodeType":"n8n-nodes-base.code","nodeName":"Parse Last Index","nodeId":"9c8a5704-81bd-425c-baa1-eda30ba383fe"}}
{"__type":"$$EventMessageConfirm","confirm":"714f2d61-7f6a-464d-9b40-1359bbc641c5","ts":"2025-09-17T10:14:00.710-04:00","source":{"id":"0","name":"eventBus"}}
{"__type":"$$EventMessageNode","id":"2db49d9d-4efc-4d6a-9079-146f172ccdc0","ts":"2025-09-17T10:14:00.715-04:00","eventName":"n8n.node.finished","message":"n8n.node.finished","payload":{"workflowId":"EJ8kLzFoeRTVT2ez","workflowName":"RAG System","executionId":"1234","nodeType":"n8n-nodes-base.code","nodeName":"Parse Last Index","nodeId":"9c8a5704-81bd-425c-baa1-eda30ba383fe"}}
{"__type":"$$EventMessageConfirm","confirm":"2db49d9d-4efc-4d6a-9079-146f172ccdc0","ts":"2025-09-17T10:14:00.715-04:00","source":{"id":"0","name":"eventBus"}}
{"__type":"$$EventMessageNode","id":"a56a89c5-92c9-4e1c-8afd-4348732cdff8","ts":"2025-09-17T10:14:00.715-04:00","eventName":"n8n.node.started","message":"n8n.node.started","payload":{"workflowId":"EJ8kLzFoeRTVT2ez","workflowName":"RAG System","executionId":"1234","nodeType":"n8n-nodes-base.merge","nodeName":"Merge embeddings-Index","nodeId":"faf68925-1a15-4297-8cbb-325ae4708114"}}
{"__type":"$$EventMessageConfirm","confirm":"a56a89c5-92c9-4e1c-8afd-4348732cdff8","ts":"2025-09-17T10:14:00.715-04:00","source":{"id":"0","name":"eventBus"}}
{"__type":"$$EventMessageNode","id":"80d3d60e-cc88-44bd-a534-89cce5eeefae","ts":"2025-09-17T10:14:00.719-04:00","eventName":"n8n.node.finished","message":"n8n.node.finished","payload":{"workflowId":"EJ8kLzFoeRTVT2ez","workflowName":"RAG System","executionId":"1234","nodeType":"n8n-nodes-base.merge","nodeName":"Merge embeddings-Index","nodeId":"faf68925-1a15-4297-8cbb-325ae4708114"}}
{"__type":"$$EventMessageConfirm","confirm":"80d3d60e-cc88-44bd-a534-89cce5eeefae","ts":"2025-09-17T10:14:00.720-04:00","source":{"id":"0","name":"eventBus"}}
{"__type":"$$EventMessageNode","id":"ca6472dd-302b-4610-aeca-36c096ba0853","ts":"2025-09-17T10:14:00.720-04:00","eventName":"n8n.node.started","message":"n8n.node.started","payload":{"workflowId":"EJ8kLzFoeRTVT2ez","workflowName":"RAG System","executionId":"1234","nodeType":"n8n-nodes-base.code","nodeName":"Update Index","nodeId":"f11e2212-0925-453d-9e6d-624822bb630a"}}
{"__type":"$$EventMessageConfirm","confirm":"ca6472dd-302b-4610-aeca-36c096ba0853","ts":"2025-09-17T10:14:00.720-04:00","source":{"id":"0","name":"eventBus"}}
{"__type":"$$EventMessageNode","id":"66784150-2b23-4bd7-ad0d-321bcd3b75e6","ts":"2025-09-17T10:14:00.742-04:00","eventName":"n8n.node.finished","message":"n8n.node.finished","payload":{"workflowId":"EJ8kLzFoeRTVT2ez","workflowName":"RAG System","executionId":"1234","nodeType":"n8n-nodes-base.code","nodeName":"Update Index","nodeId":"f11e2212-0925-453d-9e6d-624822bb630a"}}
{"__type":"$$EventMessageConfirm","confirm":"66784150-2b23-4bd7-ad0d-321bcd3b75e6","ts":"2025-09-17T10:14:00.742-04:00","source":{"id":"0","name":"eventBus"}}
{"__type":"$$EventMessageNode","id":"411f910f-e892-4d36-b128-14efddfdcf78","ts":"2025-09-17T10:14:00.742-04:00","eventName":"n8n.node.started","message":"n8n.node.started","payload":{"workflowId":"EJ8kLzFoeRTVT2ez","workflowName":"RAG System","executionId":"1234","nodeType":"n8n-nodes-base.code","nodeName":"Split Chunk Points","nodeId":"1cb3849e-3a57-4c35-b6b8-eb27f4845a80"}}
{"__type":"$$EventMessageConfirm","confirm":"411f910f-e892-4d36-b128-14efddfdcf78","ts":"2025-09-17T10:14:00.743-04:00","source":{"id":"0","name":"eventBus"}}
{"__type":"$$EventMessageNode","id":"eecbd296-5815-4eac-8525-d19b497f0e3e","ts":"2025-09-17T10:14:00.750-04:00","eventName":"n8n.node.finished","message":"n8n.node.finished","payload":{"workflowId":"EJ8kLzFoeRTVT2ez","workflowName":"RAG System","executionId":"1234","nodeType":"n8n-nodes-base.code","nodeName":"Split Chunk Points","nodeId":"1cb3849e-3a57-4c35-b6b8-eb27f4845a80"}}
{"__type":"$$EventMessageConfirm","confirm":"eecbd296-5815-4eac-8525-d19b497f0e3e","ts":"2025-09-17T10:14:00.750-04:00","source":{"id":"0","name":"eventBus"}}
{"__type":"$$EventMessageNode","id":"85a75d64-f036-4bf2-889b-7ead0ebfa679","ts":"2025-09-17T10:14:00.750-04:00","eventName":"n8n.node.started","message":"n8n.node.started","payload":{"workflowId":"EJ8kLzFoeRTVT2ez","workflowName":"RAG System","executionId":"1234","nodeType":"n8n-nodes-base.httpRequest","nodeName":"HTTP Upload Collection","nodeId":"7abc9f1e-4341-4fb2-8941-153c7ef67c7c"}}
{"__type":"$$EventMessageConfirm","confirm":"85a75d64-f036-4bf2-889b-7ead0ebfa679","ts":"2025-09-17T10:14:00.750-04:00","source":{"id":"0","name":"eventBus"}}
{"__type":"$$EventMessageNode","id":"4cdca115-379d-48fb-a9b7-424a5a7f8a00","ts":"2025-09-17T10:14:00.780-04:00","eventName":"n8n.node.finished","message":"n8n.node.finished","payload":{"workflowId":"EJ8kLzFoeRTVT2ez","workflowName":"RAG System","executionId":"1234","nodeType":"n8n-nodes-base.httpRequest","nodeName":"HTTP Upload Collection","nodeId":"7abc9f1e-4341-4fb2-8941-153c7ef67c7c"}}
{"__type":"$$EventMessageConfirm","confirm":"4cdca115-379d-48fb-a9b7-424a5a7f8a00","ts":"2025-09-17T10:14:00.781-04:00","source":{"id":"0","name":"eventBus"}}
{"__type":"$$EventMessageNode","id":"666d2fa9-73e1-4c66-b4f2-abfec87b6f54","ts":"2025-09-17T10:14:00.781-04:00","eventName":"n8n.node.started","message":"n8n.node.started","payload":{"workflowId":"EJ8kLzFoeRTVT2ez","workflowName":"RAG System","executionId":"1234","nodeType":"n8n-nodes-base.executeCommand","nodeName":"Registro.csv exist?","nodeId":"b05f0c9d-00af-40c0-b7fd-a2b33d854426"}}
{"__type":"$$EventMessageConfirm","confirm":"666d2fa9-73e1-4c66-b4f2-abfec87b6f54","ts":"2025-09-17T10:14:00.781-04:00","source":{"id":"0","name":"eventBus"}}
{"__type":"$$EventMessageNode","id":"19da65b2-d724-4cfd-a0e4-a79ebf6d31df","ts":"2025-09-17T10:14:00.790-04:00","eventName":"n8n.node.finished","message":"n8n.node.finished","payload":{"workflowId":"EJ8kLzFoeRTVT2ez","workflowName":"RAG System","executionId":"1234","nodeType":"n8n-nodes-base.executeCommand","nodeName":"Registro.csv exist?","nodeId":"b05f0c9d-00af-40c0-b7fd-a2b33d854426"}}
{"__type":"$$EventMessageConfirm","confirm":"19da65b2-d724-4cfd-a0e4-a79ebf6d31df","ts":"2025-09-17T10:14:00.790-04:00","source":{"id":"0","name":"eventBus"}}
{"__type":"$$EventMessageNode","id":"81780043-0db7-458d-80bd-1f6a265b5510","ts":"2025-09-17T10:14:00.790-04:00","eventName":"n8n.node.started","message":"n8n.node.started","payload":{"workflowId":"EJ8kLzFoeRTVT2ez","workflowName":"RAG System","executionId":"1234","nodeType":"n8n-nodes-base.if","nodeName":"If","nodeId":"3821721d-501e-4578-a1a0-aa3c0d88d336"}}
{"__type":"$$EventMessageConfirm","confirm":"81780043-0db7-458d-80bd-1f6a265b5510","ts":"2025-09-17T10:14:00.790-04:00","source":{"id":"0","name":"eventBus"}}
{"__type":"$$EventMessageNode","id":"6393204c-9901-45fa-8719-933461237835","ts":"2025-09-17T10:14:00.794-04:00","eventName":"n8n.node.finished","message":"n8n.node.finished","payload":{"workflowId":"EJ8kLzFoeRTVT2ez","workflowName":"RAG System","executionId":"1234","nodeType":"n8n-nodes-base.if","nodeName":"If","nodeId":"3821721d-501e-4578-a1a0-aa3c0d88d336"}}
{"__type":"$$EventMessageConfirm","confirm":"6393204c-9901-45fa-8719-933461237835","ts":"2025-09-17T10:14:00.794-04:00","source":{"id":"0","name":"eventBus"}}
{"__type":"$$EventMessageNode","id":"390ec770-64be-4497-ac86-d0097e8974b9","ts":"2025-09-17T10:14:00.794-04:00","eventName":"n8n.node.started","message":"n8n.node.started","payload":{"workflowId":"EJ8kLzFoeRTVT2ez","workflowName":"RAG System","executionId":"1234","nodeType":"n8n-nodes-base.code","nodeName":"Create Row for Registro.csv","nodeId":"9a903c8c-8dcf-4c12-ab12-ae23e5d3d494"}}
{"__type":"$$EventMessageConfirm","confirm":"390ec770-64be-4497-ac86-d0097e8974b9","ts":"2025-09-17T10:14:00.794-04:00","source":{"id":"0","name":"eventBus"}}
{"__type":"$$EventMessageNode","id":"cd5dfe26-f360-4326-bb20-0502187a91b7","ts":"2025-09-17T10:14:00.801-04:00","eventName":"n8n.node.finished","message":"n8n.node.finished","payload":{"workflowId":"EJ8kLzFoeRTVT2ez","workflowName":"RAG System","executionId":"1234","nodeType":"n8n-nodes-base.code","nodeName":"Create Row for Registro.csv","nodeId":"9a903c8c-8dcf-4c12-ab12-ae23e5d3d494"}}
{"__type":"$$EventMessageConfirm","confirm":"cd5dfe26-f360-4326-bb20-0502187a91b7","ts":"2025-09-17T10:14:00.801-04:00","source":{"id":"0","name":"eventBus"}}
{"__type":"$$EventMessageNode","id":"cff52ab1-9d76-447b-a4af-503949bd6704","ts":"2025-09-17T10:14:00.802-04:00","eventName":"n8n.node.started","message":"n8n.node.started","payload":{"workflowId":"EJ8kLzFoeRTVT2ez","workflowName":"RAG System","executionId":"1234","nodeType":"n8n-nodes-base.readWriteFile","nodeName":"Save registro.csv","nodeId":"cef93408-94c2-4d96-9b16-9c36b29f9fe5"}}
{"__type":"$$EventMessageConfirm","confirm":"cff52ab1-9d76-447b-a4af-503949bd6704","ts":"2025-09-17T10:14:00.802-04:00","source":{"id":"0","name":"eventBus"}}
{"__type":"$$EventMessageNode","id":"2f5c8512-5d14-4d6f-9497-592916255f37","ts":"2025-09-17T10:14:00.806-04:00","eventName":"n8n.node.finished","message":"n8n.node.finished","payload":{"workflowId":"EJ8kLzFoeRTVT2ez","workflowName":"RAG System","executionId":"1234","nodeType":"n8n-nodes-base.readWriteFile","nodeName":"Save registro.csv","nodeId":"cef93408-94c2-4d96-9b16-9c36b29f9fe5"}}
{"__type":"$$EventMessageConfirm","confirm":"2f5c8512-5d14-4d6f-9497-592916255f37","ts":"2025-09-17T10:14:00.806-04:00","source":{"id":"0","name":"eventBus"}}
{"__type":"$$EventMessageNode","id":"d2c016df-8b58-4660-8c64-277b4d06779c","ts":"2025-09-17T10:14:00.806-04:00","eventName":"n8n.node.started","message":"n8n.node.started","payload":{"workflowId":"EJ8kLzFoeRTVT2ez","workflowName":"RAG System","executionId":"1234","nodeType":"n8n-nodes-base.readWriteFile","nodeName":"Load registro.csv","nodeId":"18f727c8-3936-463c-8e77-fa74654c409e"}}
{"__type":"$$EventMessageConfirm","confirm":"d2c016df-8b58-4660-8c64-277b4d06779c","ts":"2025-09-17T10:14:00.806-04:00","source":{"id":"0","name":"eventBus"}}
{"__type":"$$EventMessageNode","id":"c89ba4a7-31c3-4902-884e-7bd5b0534aad","ts":"2025-09-17T10:14:00.811-04:00","eventName":"n8n.node.finished","message":"n8n.node.finished","payload":{"workflowId":"EJ8kLzFoeRTVT2ez","workflowName":"RAG System","executionId":"1234","nodeType":"n8n-nodes-base.readWriteFile","nodeName":"Load registro.csv","nodeId":"18f727c8-3936-463c-8e77-fa74654c409e"}}
{"__type":"$$EventMessageConfirm","confirm":"c89ba4a7-31c3-4902-884e-7bd5b0534aad","ts":"2025-09-17T10:14:00.811-04:00","source":{"id":"0","name":"eventBus"}}
{"__type":"$$EventMessageNode","id":"ee1a68c6-7007-41f2-b3c9-96375aaf6611","ts":"2025-09-17T10:14:00.811-04:00","eventName":"n8n.node.started","message":"n8n.node.started","payload":{"workflowId":"EJ8kLzFoeRTVT2ez","workflowName":"RAG System","executionId":"1234","nodeType":"n8n-nodes-base.extractFromFile","nodeName":"Extract registro.csv","nodeId":"f2aea464-01f2-433b-a636-561a27e6deb6"}}
{"__type":"$$EventMessageConfirm","confirm":"ee1a68c6-7007-41f2-b3c9-96375aaf6611","ts":"2025-09-17T10:14:00.811-04:00","source":{"id":"0","name":"eventBus"}}
{"__type":"$$EventMessageNode","id":"47251548-c789-4eae-912d-2536b66f36c3","ts":"2025-09-17T10:14:00.820-04:00","eventName":"n8n.node.finished","message":"n8n.node.finished","payload":{"workflowId":"EJ8kLzFoeRTVT2ez","workflowName":"RAG System","executionId":"1234","nodeType":"n8n-nodes-base.extractFromFile","nodeName":"Extract registro.csv","nodeId":"f2aea464-01f2-433b-a636-561a27e6deb6"}}
{"__type":"$$EventMessageConfirm","confirm":"47251548-c789-4eae-912d-2536b66f36c3","ts":"2025-09-17T10:14:00.820-04:00","source":{"id":"0","name":"eventBus"}}
{"__type":"$$EventMessageNode","id":"4e42dcc8-90aa-41fd-8c7a-fc869e251751","ts":"2025-09-17T10:14:00.821-04:00","eventName":"n8n.node.started","message":"n8n.node.started","payload":{"workflowId":"EJ8kLzFoeRTVT2ez","workflowName":"RAG System","executionId":"1234","nodeType":"n8n-nodes-base.convertToFile","nodeName":"Convert to XLSX","nodeId":"de8966a4-f386-4899-a503-69b74b8cc1fc"}}
{"__type":"$$EventMessageConfirm","confirm":"4e42dcc8-90aa-41fd-8c7a-fc869e251751","ts":"2025-09-17T10:14:00.821-04:00","source":{"id":"0","name":"eventBus"}}
{"__type":"$$EventMessageNode","id":"50fe099e-3bdc-4f35-9b5c-c6d893482863","ts":"2025-09-17T10:14:00.835-04:00","eventName":"n8n.node.finished","message":"n8n.node.finished","payload":{"workflowId":"EJ8kLzFoeRTVT2ez","workflowName":"RAG System","executionId":"1234","nodeType":"n8n-nodes-base.convertToFile","nodeName":"Convert to XLSX","nodeId":"de8966a4-f386-4899-a503-69b74b8cc1fc"}}
{"__type":"$$EventMessageConfirm","confirm":"50fe099e-3bdc-4f35-9b5c-c6d893482863","ts":"2025-09-17T10:14:00.836-04:00","source":{"id":"0","name":"eventBus"}}
{"__type":"$$EventMessageNode","id":"441d9dbc-ba7b-473e-b815-6e1a9c68126b","ts":"2025-09-17T10:14:00.836-04:00","eventName":"n8n.node.started","message":"n8n.node.started","payload":{"workflowId":"EJ8kLzFoeRTVT2ez","workflowName":"RAG System","executionId":"1234","nodeType":"n8n-nodes-base.readWriteFile","nodeName":"Save registro.xlsx","nodeId":"e4dc037f-e2c0-443d-9d4b-fc59fed1b61b"}}
{"__type":"$$EventMessageConfirm","confirm":"441d9dbc-ba7b-473e-b815-6e1a9c68126b","ts":"2025-09-17T10:14:00.836-04:00","source":{"id":"0","name":"eventBus"}}
{"__type":"$$EventMessageNode","id":"ce0e3886-9765-445b-be63-657370216582","ts":"2025-09-17T10:14:00.840-04:00","eventName":"n8n.node.finished","message":"n8n.node.finished","payload":{"workflowId":"EJ8kLzFoeRTVT2ez","workflowName":"RAG System","executionId":"1234","nodeType":"n8n-nodes-base.readWriteFile","nodeName":"Save registro.xlsx","nodeId":"e4dc037f-e2c0-443d-9d4b-fc59fed1b61b"}}
{"__type":"$$EventMessageConfirm","confirm":"ce0e3886-9765-445b-be63-657370216582","ts":"2025-09-17T10:14:00.840-04:00","source":{"id":"0","name":"eventBus"}}
{"__type":"$$EventMessageNode","id":"4737ed87-a29b-4b86-acb2-8884803b12f9","ts":"2025-09-17T10:14:00.840-04:00","eventName":"n8n.node.started","message":"n8n.node.started","payload":{"workflowId":"EJ8kLzFoeRTVT2ez","workflowName":"RAG System","executionId":"1234","nodeType":"n8n-nodes-base.readWriteFile","nodeName":"Write tmp file","nodeId":"866ccc5f-2cba-4e76-aabb-8d0d2ebbd549"}}
{"__type":"$$EventMessageConfirm","confirm":"4737ed87-a29b-4b86-acb2-8884803b12f9","ts":"2025-09-17T10:14:00.840-04:00","source":{"id":"0","name":"eventBus"}}
{"__type":"$$EventMessageNode","id":"3ac26a00-25ba-4c6a-ba24-c80db53bd3da","ts":"2025-09-17T10:14:00.861-04:00","eventName":"n8n.node.finished","message":"n8n.node.finished","payload":{"workflowId":"EJ8kLzFoeRTVT2ez","workflowName":"RAG System","executionId":"1234","nodeType":"n8n-nodes-base.readWriteFile","nodeName":"Write tmp file","nodeId":"866ccc5f-2cba-4e76-aabb-8d0d2ebbd549"}}
{"__type":"$$EventMessageConfirm","confirm":"3ac26a00-25ba-4c6a-ba24-c80db53bd3da","ts":"2025-09-17T10:14:00.862-04:00","source":{"id":"0","name":"eventBus"}}
{"__type":"$$EventMessageWorkflow","id":"4cab9206-10d7-45af-b85f-a4d3ac0a9feb","ts":"2025-09-17T10:14:00.864-04:00","eventName":"n8n.workflow.failed","message":"n8n.workflow.failed","payload":{"executionId":"1234","success":false,"isManual":false,"workflowId":"EJ8kLzFoeRTVT2ez","workflowName":"RAG System","lastNodeExecuted":"Write tmp file","errorNodeType":"n8n-nodes-base.readWriteFile","errorMessage":"The file or directory does not exist"}}
{"__type":"$$EventMessageConfirm","confirm":"4cab9206-10d7-45af-b85f-a4d3ac0a9feb","ts":"2025-09-17T10:14:00.864-04:00","source":{"id":"0","name":"eventBus"}}
{"__type":"$$EventMessageAudit","id":"4d4273b2-4e7d-4485-880a-d18601752318","ts":"2025-09-17T10:19:08.296-04:00","eventName":"n8n.audit.workflow.updated","message":"n8n.audit.workflow.updated","payload":{"userId":"f55a37bb-3c2c-4b89-a9ee-cfc1ed810595","_email":"jesus.pardo@airtrace.io","_firstName":"Jesus","_lastName":"Pardo Alvarez","globalRole":"global:owner","workflowId":"EJ8kLzFoeRTVT2ez","workflowName":"RAG System"}}
{"__type":"$$EventMessageConfirm","confirm":"4d4273b2-4e7d-4485-880a-d18601752318","ts":"2025-09-17T10:19:08.297-04:00","source":{"id":"0","name":"eventBus"}}
{"__type":"$$EventMessageWorkflow","id":"9f03b8b3-3fbf-454d-b1e2-f4b5f93ca7a8","ts":"2025-09-17T10:19:37.186-04:00","eventName":"n8n.workflow.started","message":"n8n.workflow.started","payload":{"executionId":"1235","workflowId":"EJ8kLzFoeRTVT2ez","isManual":false,"workflowName":"RAG System"}}
{"__type":"$$EventMessageConfirm","confirm":"9f03b8b3-3fbf-454d-b1e2-f4b5f93ca7a8","ts":"2025-09-17T10:19:37.186-04:00","source":{"id":"0","name":"eventBus"}}
{"__type":"$$EventMessageNode","id":"cb0f9aca-ba40-4753-80cf-100cfe1f9c67","ts":"2025-09-17T10:19:37.186-04:00","eventName":"n8n.node.started","message":"n8n.node.started","payload":{"workflowId":"EJ8kLzFoeRTVT2ez","workflowName":"RAG System","executionId":"1235","nodeType":"n8n-nodes-base.formTrigger","nodeName":"Upload file","nodeId":"1c269fe8-8e00-4584-aaa1-3231ce07c5f6"}}
{"__type":"$$EventMessageConfirm","confirm":"cb0f9aca-ba40-4753-80cf-100cfe1f9c67","ts":"2025-09-17T10:19:37.187-04:00","source":{"id":"0","name":"eventBus"}}
{"__type":"$$EventMessageNode","id":"9e232116-6356-425a-b1d8-75eef8ee9dba","ts":"2025-09-17T10:19:37.187-04:00","eventName":"n8n.node.finished","message":"n8n.node.finished","payload":{"workflowId":"EJ8kLzFoeRTVT2ez","workflowName":"RAG System","executionId":"1235","nodeType":"n8n-nodes-base.formTrigger","nodeName":"Upload file","nodeId":"1c269fe8-8e00-4584-aaa1-3231ce07c5f6"}}
{"__type":"$$EventMessageConfirm","confirm":"9e232116-6356-425a-b1d8-75eef8ee9dba","ts":"2025-09-17T10:19:37.187-04:00","source":{"id":"0","name":"eventBus"}}
{"__type":"$$EventMessageNode","id":"990c76b9-a562-4269-8411-e7e9f7863566","ts":"2025-09-17T10:19:37.187-04:00","eventName":"n8n.node.started","message":"n8n.node.started","payload":{"workflowId":"EJ8kLzFoeRTVT2ez","workflowName":"RAG System","executionId":"1235","nodeType":"n8n-nodes-base.httpRequest","nodeName":"GET Collection 1","nodeId":"18d2935d-e757-48d3-8e3b-84baaccddcd8"}}
{"__type":"$$EventMessageConfirm","confirm":"990c76b9-a562-4269-8411-e7e9f7863566","ts":"2025-09-17T10:19:37.187-04:00","source":{"id":"0","name":"eventBus"}}
{"__type":"$$EventMessageNode","id":"dabc69f8-77c2-41b2-acf1-e5abe12b04e9","ts":"2025-09-17T10:19:37.193-04:00","eventName":"n8n.node.finished","message":"n8n.node.finished","payload":{"workflowId":"EJ8kLzFoeRTVT2ez","workflowName":"RAG System","executionId":"1235","nodeType":"n8n-nodes-base.httpRequest","nodeName":"GET Collection 1","nodeId":"18d2935d-e757-48d3-8e3b-84baaccddcd8"}}
{"__type":"$$EventMessageConfirm","confirm":"dabc69f8-77c2-41b2-acf1-e5abe12b04e9","ts":"2025-09-17T10:19:37.193-04:00","source":{"id":"0","name":"eventBus"}}
{"__type":"$$EventMessageNode","id":"1b190ac8-2d88-4a10-babe-80e28dae3697","ts":"2025-09-17T10:19:37.193-04:00","eventName":"n8n.node.started","message":"n8n.node.started","payload":{"workflowId":"EJ8kLzFoeRTVT2ez","workflowName":"RAG System","executionId":"1235","nodeType":"n8n-nodes-base.if","nodeName":"Collection NOT Exist 1","nodeId":"caedb4dc-0163-4d8f-80b6-59267ad3d39d"}}
{"__type":"$$EventMessageConfirm","confirm":"1b190ac8-2d88-4a10-babe-80e28dae3697","ts":"2025-09-17T10:19:37.193-04:00","source":{"id":"0","name":"eventBus"}}
{"__type":"$$EventMessageNode","id":"8232ba6f-b643-41ed-a28b-82ff1b7fac5c","ts":"2025-09-17T10:19:37.194-04:00","eventName":"n8n.node.finished","message":"n8n.node.finished","payload":{"workflowId":"EJ8kLzFoeRTVT2ez","workflowName":"RAG System","executionId":"1235","nodeType":"n8n-nodes-base.if","nodeName":"Collection NOT Exist 1","nodeId":"caedb4dc-0163-4d8f-80b6-59267ad3d39d"}}
{"__type":"$$EventMessageConfirm","confirm":"8232ba6f-b643-41ed-a28b-82ff1b7fac5c","ts":"2025-09-17T10:19:37.195-04:00","source":{"id":"0","name":"eventBus"}}
{"__type":"$$EventMessageNode","id":"265fd1b0-46aa-4d50-9f80-285ab67d2987","ts":"2025-09-17T10:19:37.195-04:00","eventName":"n8n.node.started","message":"n8n.node.started","payload":{"workflowId":"EJ8kLzFoeRTVT2ez","workflowName":"RAG System","executionId":"1235","nodeType":"n8n-nodes-base.merge","nodeName":"File not Exist","nodeId":"ca9b4f5a-c560-4ade-9f70-c586f706b529"}}
{"__type":"$$EventMessageConfirm","confirm":"265fd1b0-46aa-4d50-9f80-285ab67d2987","ts":"2025-09-17T10:19:37.195-04:00","source":{"id":"0","name":"eventBus"}}
{"__type":"$$EventMessageNode","id":"0b53ad39-0281-4377-b98c-650cb173770b","ts":"2025-09-17T10:19:37.196-04:00","eventName":"n8n.node.finished","message":"n8n.node.finished","payload":{"workflowId":"EJ8kLzFoeRTVT2ez","workflowName":"RAG System","executionId":"1235","nodeType":"n8n-nodes-base.merge","nodeName":"File not Exist","nodeId":"ca9b4f5a-c560-4ade-9f70-c586f706b529"}}
{"__type":"$$EventMessageConfirm","confirm":"0b53ad39-0281-4377-b98c-650cb173770b","ts":"2025-09-17T10:19:37.196-04:00","source":{"id":"0","name":"eventBus"}}
{"__type":"$$EventMessageNode","id":"52a2a03b-c006-4b6e-b4b5-872f6dc19e7d","ts":"2025-09-17T10:19:37.196-04:00","eventName":"n8n.node.started","message":"n8n.node.started","payload":{"workflowId":"EJ8kLzFoeRTVT2ez","workflowName":"RAG System","executionId":"1235","nodeType":"n8n-nodes-base.executeCommand","nodeName":"Create Directory","nodeId":"f91d47c7-0aa9-4bb7-a1ec-0f52ce768157"}}
{"__type":"$$EventMessageConfirm","confirm":"52a2a03b-c006-4b6e-b4b5-872f6dc19e7d","ts":"2025-09-17T10:19:37.196-04:00","source":{"id":"0","name":"eventBus"}}
{"__type":"$$EventMessageNode","id":"fb0dc9aa-6b88-4b8b-804f-936e181457aa","ts":"2025-09-17T10:19:37.197-04:00","eventName":"n8n.node.finished","message":"n8n.node.finished","payload":{"workflowId":"EJ8kLzFoeRTVT2ez","workflowName":"RAG System","executionId":"1235","nodeType":"n8n-nodes-base.executeCommand","nodeName":"Create Directory","nodeId":"f91d47c7-0aa9-4bb7-a1ec-0f52ce768157"}}
{"__type":"$$EventMessageConfirm","confirm":"fb0dc9aa-6b88-4b8b-804f-936e181457aa","ts":"2025-09-17T10:19:37.197-04:00","source":{"id":"0","name":"eventBus"}}
{"__type":"$$EventMessageNode","id":"ad8ae7cb-8a06-4ecf-8fa8-6ed37e4582bc","ts":"2025-09-17T10:19:37.197-04:00","eventName":"n8n.node.started","message":"n8n.node.started","payload":{"workflowId":"EJ8kLzFoeRTVT2ez","workflowName":"RAG System","executionId":"1235","nodeType":"n8n-nodes-base.readWriteFile","nodeName":"Write Files from Disk","nodeId":"815e81b6-0f6f-4918-bbe0-098d343fdbd2"}}
{"__type":"$$EventMessageConfirm","confirm":"ad8ae7cb-8a06-4ecf-8fa8-6ed37e4582bc","ts":"2025-09-17T10:19:37.197-04:00","source":{"id":"0","name":"eventBus"}}
{"__type":"$$EventMessageNode","id":"54a4e516-11af-42f3-bcb5-512dd23c216a","ts":"2025-09-17T10:19:37.197-04:00","eventName":"n8n.node.finished","message":"n8n.node.finished","payload":{"workflowId":"EJ8kLzFoeRTVT2ez","workflowName":"RAG System","executionId":"1235","nodeType":"n8n-nodes-base.readWriteFile","nodeName":"Write Files from Disk","nodeId":"815e81b6-0f6f-4918-bbe0-098d343fdbd2"}}
{"__type":"$$EventMessageConfirm","confirm":"54a4e516-11af-42f3-bcb5-512dd23c216a","ts":"2025-09-17T10:19:37.197-04:00","source":{"id":"0","name":"eventBus"}}
{"__type":"$$EventMessageNode","id":"7e130c56-9465-4628-9b95-9b05420a1744","ts":"2025-09-17T10:19:37.197-04:00","eventName":"n8n.node.started","message":"n8n.node.started","payload":{"workflowId":"EJ8kLzFoeRTVT2ez","workflowName":"RAG System","executionId":"1235","nodeType":"n8n-nodes-base.switch","nodeName":"Switch File Type","nodeId":"c180dfdd-d3eb-4779-af92-9c361091dff8"}}
{"__type":"$$EventMessageConfirm","confirm":"7e130c56-9465-4628-9b95-9b05420a1744","ts":"2025-09-17T10:19:37.197-04:00","source":{"id":"0","name":"eventBus"}}
{"__type":"$$EventMessageNode","id":"85235710-c17b-434c-9dbb-f4cb2fe7a516","ts":"2025-09-17T10:19:37.200-04:00","eventName":"n8n.node.finished","message":"n8n.node.finished","payload":{"workflowId":"EJ8kLzFoeRTVT2ez","workflowName":"RAG System","executionId":"1235","nodeType":"n8n-nodes-base.switch","nodeName":"Switch File Type","nodeId":"c180dfdd-d3eb-4779-af92-9c361091dff8"}}
{"__type":"$$EventMessageConfirm","confirm":"85235710-c17b-434c-9dbb-f4cb2fe7a516","ts":"2025-09-17T10:19:37.200-04:00","source":{"id":"0","name":"eventBus"}}
{"__type":"$$EventMessageNode","id":"5fb4ba92-6a69-406f-adb5-b3b3fe9fb849","ts":"2025-09-17T10:19:37.200-04:00","eventName":"n8n.node.started","message":"n8n.node.started","payload":{"workflowId":"EJ8kLzFoeRTVT2ez","workflowName":"RAG System","executionId":"1235","nodeType":"n8n-nodes-base.extractFromFile","nodeName":"Extract .pdf","nodeId":"cc840fb7-df14-43e9-8973-f32b4d0389a9"}}
{"__type":"$$EventMessageConfirm","confirm":"5fb4ba92-6a69-406f-adb5-b3b3fe9fb849","ts":"2025-09-17T10:19:37.200-04:00","source":{"id":"0","name":"eventBus"}}
{"__type":"$$EventMessageNode","id":"29ecce93-1ae5-421a-8372-cebea29112ef","ts":"2025-09-17T10:19:37.266-04:00","eventName":"n8n.node.finished","message":"n8n.node.finished","payload":{"workflowId":"EJ8kLzFoeRTVT2ez","workflowName":"RAG System","executionId":"1235","nodeType":"n8n-nodes-base.extractFromFile","nodeName":"Extract .pdf","nodeId":"cc840fb7-df14-43e9-8973-f32b4d0389a9"}}
{"__type":"$$EventMessageConfirm","confirm":"29ecce93-1ae5-421a-8372-cebea29112ef","ts":"2025-09-17T10:19:37.266-04:00","source":{"id":"0","name":"eventBus"}}
{"__type":"$$EventMessageNode","id":"5205ca24-c0f6-4719-8c3e-9c0de813666d","ts":"2025-09-17T10:19:37.267-04:00","eventName":"n8n.node.started","message":"n8n.node.started","payload":{"workflowId":"EJ8kLzFoeRTVT2ez","workflowName":"RAG System","executionId":"1235","nodeType":"n8n-nodes-base.code","nodeName":"Text Splitter","nodeId":"83e7ccad-5069-4a11-a698-95943f8a40da"}}
{"__type":"$$EventMessageConfirm","confirm":"5205ca24-c0f6-4719-8c3e-9c0de813666d","ts":"2025-09-17T10:19:37.267-04:00","source":{"id":"0","name":"eventBus"}}
{"__type":"$$EventMessageNode","id":"39bac60c-3cfc-437f-94e7-780ddcdb1c49","ts":"2025-09-17T10:19:37.284-04:00","eventName":"n8n.node.finished","message":"n8n.node.finished","payload":{"workflowId":"EJ8kLzFoeRTVT2ez","workflowName":"RAG System","executionId":"1235","nodeType":"n8n-nodes-base.code","nodeName":"Text Splitter","nodeId":"83e7ccad-5069-4a11-a698-95943f8a40da"}}
{"__type":"$$EventMessageConfirm","confirm":"39bac60c-3cfc-437f-94e7-780ddcdb1c49","ts":"2025-09-17T10:19:37.284-04:00","source":{"id":"0","name":"eventBus"}}
{"__type":"$$EventMessageNode","id":"03c7dc7f-22e3-423e-a873-8d56d9266c59","ts":"2025-09-17T10:19:37.284-04:00","eventName":"n8n.node.started","message":"n8n.node.started","payload":{"workflowId":"EJ8kLzFoeRTVT2ez","workflowName":"RAG System","executionId":"1235","nodeType":"n8n-nodes-base.code","nodeName":"Chunk Post-Processor","nodeId":"017a3267-074b-45b4-94dc-7e26a9e95c39"}}
{"__type":"$$EventMessageConfirm","confirm":"03c7dc7f-22e3-423e-a873-8d56d9266c59","ts":"2025-09-17T10:19:37.285-04:00","source":{"id":"0","name":"eventBus"}}
{"__type":"$$EventMessageNode","id":"2971855f-13d2-4199-87d1-34ba5e2a7c0f","ts":"2025-09-17T10:19:37.323-04:00","eventName":"n8n.node.finished","message":"n8n.node.finished","payload":{"workflowId":"EJ8kLzFoeRTVT2ez","workflowName":"RAG System","executionId":"1235","nodeType":"n8n-nodes-base.code","nodeName":"Chunk Post-Processor","nodeId":"017a3267-074b-45b4-94dc-7e26a9e95c39"}}
{"__type":"$$EventMessageConfirm","confirm":"2971855f-13d2-4199-87d1-34ba5e2a7c0f","ts":"2025-09-17T10:19:37.323-04:00","source":{"id":"0","name":"eventBus"}}
{"__type":"$$EventMessageNode","id":"d3961a51-c2f9-4330-a799-c2863fce88ac","ts":"2025-09-17T10:19:37.324-04:00","eventName":"n8n.node.started","message":"n8n.node.started","payload":{"workflowId":"EJ8kLzFoeRTVT2ez","workflowName":"RAG System","executionId":"1235","nodeType":"n8n-nodes-base.code","nodeName":"Enricher","nodeId":"96917b80-a3ae-4b12-a716-6b375458ed3a"}}
{"__type":"$$EventMessageConfirm","confirm":"d3961a51-c2f9-4330-a799-c2863fce88ac","ts":"2025-09-17T10:19:37.324-04:00","source":{"id":"0","name":"eventBus"}}
{"__type":"$$EventMessageNode","id":"c930c0de-c276-46f8-8fcb-366ae6936546","ts":"2025-09-17T10:19:37.343-04:00","eventName":"n8n.node.finished","message":"n8n.node.finished","payload":{"workflowId":"EJ8kLzFoeRTVT2ez","workflowName":"RAG System","executionId":"1235","nodeType":"n8n-nodes-base.code","nodeName":"Enricher","nodeId":"96917b80-a3ae-4b12-a716-6b375458ed3a"}}
{"__type":"$$EventMessageConfirm","confirm":"c930c0de-c276-46f8-8fcb-366ae6936546","ts":"2025-09-17T10:19:37.343-04:00","source":{"id":"0","name":"eventBus"}}
{"__type":"$$EventMessageNode","id":"7ba5d44e-9b3e-4bbd-81f2-7c49ae1e7773","ts":"2025-09-17T10:19:37.343-04:00","eventName":"n8n.node.started","message":"n8n.node.started","payload":{"workflowId":"EJ8kLzFoeRTVT2ez","workflowName":"RAG System","executionId":"1235","nodeType":"n8n-nodes-base.code","nodeName":"Embedings","nodeId":"366a3968-e450-46cd-a5bf-4c74081ee96f"}}
{"__type":"$$EventMessageConfirm","confirm":"7ba5d44e-9b3e-4bbd-81f2-7c49ae1e7773","ts":"2025-09-17T10:19:37.343-04:00","source":{"id":"0","name":"eventBus"}}
{"__type":"$$EventMessageNode","id":"889083f7-6d21-488a-a33b-78c4026486a7","ts":"2025-09-17T10:19:38.796-04:00","eventName":"n8n.node.finished","message":"n8n.node.finished","payload":{"workflowId":"EJ8kLzFoeRTVT2ez","workflowName":"RAG System","executionId":"1235","nodeType":"n8n-nodes-base.code","nodeName":"Embedings","nodeId":"366a3968-e450-46cd-a5bf-4c74081ee96f"}}
{"__type":"$$EventMessageConfirm","confirm":"889083f7-6d21-488a-a33b-78c4026486a7","ts":"2025-09-17T10:19:38.796-04:00","source":{"id":"0","name":"eventBus"}}
{"__type":"$$EventMessageNode","id":"14945493-dab2-4410-b535-7c930fb61a66","ts":"2025-09-17T10:19:38.797-04:00","eventName":"n8n.node.started","message":"n8n.node.started","payload":{"workflowId":"EJ8kLzFoeRTVT2ez","workflowName":"RAG System","executionId":"1235","nodeType":"n8n-nodes-base.code","nodeName":"Define Collection","nodeId":"d9451ad3-6f79-42f2-bdb5-0e26677ab6b8"}}
{"__type":"$$EventMessageConfirm","confirm":"14945493-dab2-4410-b535-7c930fb61a66","ts":"2025-09-17T10:19:38.798-04:00","source":{"id":"0","name":"eventBus"}}
{"__type":"$$EventMessageNode","id":"35f3e9b2-0260-4c57-9b24-7501abf90913","ts":"2025-09-17T10:19:38.802-04:00","eventName":"n8n.node.finished","message":"n8n.node.finished","payload":{"workflowId":"EJ8kLzFoeRTVT2ez","workflowName":"RAG System","executionId":"1235","nodeType":"n8n-nodes-base.code","nodeName":"Define Collection","nodeId":"d9451ad3-6f79-42f2-bdb5-0e26677ab6b8"}}
{"__type":"$$EventMessageConfirm","confirm":"35f3e9b2-0260-4c57-9b24-7501abf90913","ts":"2025-09-17T10:19:38.802-04:00","source":{"id":"0","name":"eventBus"}}
{"__type":"$$EventMessageNode","id":"505f307a-2d38-4040-8536-6dde028ed2ce","ts":"2025-09-17T10:19:38.802-04:00","eventName":"n8n.node.started","message":"n8n.node.started","payload":{"workflowId":"EJ8kLzFoeRTVT2ez","workflowName":"RAG System","executionId":"1235","nodeType":"n8n-nodes-base.httpRequest","nodeName":"HTTP GET Collection","nodeId":"23ef8faf-d102-49eb-a0c0-4de17a26ad82"}}
{"__type":"$$EventMessageConfirm","confirm":"505f307a-2d38-4040-8536-6dde028ed2ce","ts":"2025-09-17T10:19:38.802-04:00","source":{"id":"0","name":"eventBus"}}
{"__type":"$$EventMessageNode","id":"5315f6c6-7bcb-402f-a11d-bc17ae060980","ts":"2025-09-17T10:19:38.810-04:00","eventName":"n8n.node.finished","message":"n8n.node.finished","payload":{"workflowId":"EJ8kLzFoeRTVT2ez","workflowName":"RAG System","executionId":"1235","nodeType":"n8n-nodes-base.httpRequest","nodeName":"HTTP GET Collection","nodeId":"23ef8faf-d102-49eb-a0c0-4de17a26ad82"}}
{"__type":"$$EventMessageConfirm","confirm":"5315f6c6-7bcb-402f-a11d-bc17ae060980","ts":"2025-09-17T10:19:38.810-04:00","source":{"id":"0","name":"eventBus"}}
{"__type":"$$EventMessageNode","id":"60765c58-e0a0-41db-8fe8-ff7dceffc0a2","ts":"2025-09-17T10:19:38.810-04:00","eventName":"n8n.node.started","message":"n8n.node.started","payload":{"workflowId":"EJ8kLzFoeRTVT2ez","workflowName":"RAG System","executionId":"1235","nodeType":"n8n-nodes-base.if","nodeName":"Collection NOT exist","nodeId":"d206005a-b578-4d8b-a019-0862f16c24c5"}}
{"__type":"$$EventMessageConfirm","confirm":"60765c58-e0a0-41db-8fe8-ff7dceffc0a2","ts":"2025-09-17T10:19:38.810-04:00","source":{"id":"0","name":"eventBus"}}
{"__type":"$$EventMessageNode","id":"b8e9071d-07a5-4ccd-86b0-21e4ade3dfd4","ts":"2025-09-17T10:19:38.812-04:00","eventName":"n8n.node.finished","message":"n8n.node.finished","payload":{"workflowId":"EJ8kLzFoeRTVT2ez","workflowName":"RAG System","executionId":"1235","nodeType":"n8n-nodes-base.if","nodeName":"Collection NOT exist","nodeId":"d206005a-b578-4d8b-a019-0862f16c24c5"}}
{"__type":"$$EventMessageConfirm","confirm":"b8e9071d-07a5-4ccd-86b0-21e4ade3dfd4","ts":"2025-09-17T10:19:38.812-04:00","source":{"id":"0","name":"eventBus"}}
{"__type":"$$EventMessageNode","id":"7cf038c2-57b8-4a84-b3ac-28adb016c0b9","ts":"2025-09-17T10:19:38.812-04:00","eventName":"n8n.node.started","message":"n8n.node.started","payload":{"workflowId":"EJ8kLzFoeRTVT2ez","workflowName":"RAG System","executionId":"1235","nodeType":"n8n-nodes-base.httpRequest","nodeName":"Create Collection","nodeId":"28462cdb-bdf2-43bf-8c8b-b748c254df3c"}}
{"__type":"$$EventMessageConfirm","confirm":"7cf038c2-57b8-4a84-b3ac-28adb016c0b9","ts":"2025-09-17T10:19:38.812-04:00","source":{"id":"0","name":"eventBus"}}
{"__type":"$$EventMessageNode","id":"61301f0c-21a7-4ce2-868c-714f7bc7e5b2","ts":"2025-09-17T10:19:39.083-04:00","eventName":"n8n.node.finished","message":"n8n.node.finished","payload":{"workflowId":"EJ8kLzFoeRTVT2ez","workflowName":"RAG System","executionId":"1235","nodeType":"n8n-nodes-base.httpRequest","nodeName":"Create Collection","nodeId":"28462cdb-bdf2-43bf-8c8b-b748c254df3c"}}
{"__type":"$$EventMessageConfirm","confirm":"61301f0c-21a7-4ce2-868c-714f7bc7e5b2","ts":"2025-09-17T10:19:39.084-04:00","source":{"id":"0","name":"eventBus"}}
{"__type":"$$EventMessageNode","id":"e8cf27f8-9fb7-461a-bd94-4b3f6e4c643e","ts":"2025-09-17T10:19:39.084-04:00","eventName":"n8n.node.started","message":"n8n.node.started","payload":{"workflowId":"EJ8kLzFoeRTVT2ez","workflowName":"RAG System","executionId":"1235","nodeType":"n8n-nodes-base.httpRequest","nodeName":"HTTP Get Index","nodeId":"cb8c9446-9e31-4216-9772-7ba3552586d0"}}
{"__type":"$$EventMessageConfirm","confirm":"e8cf27f8-9fb7-461a-bd94-4b3f6e4c643e","ts":"2025-09-17T10:19:39.084-04:00","source":{"id":"0","name":"eventBus"}}
{"__type":"$$EventMessageNode","id":"b5ebd91b-01ac-45b3-9cbf-a60e66440722","ts":"2025-09-17T10:19:39.090-04:00","eventName":"n8n.node.finished","message":"n8n.node.finished","payload":{"workflowId":"EJ8kLzFoeRTVT2ez","workflowName":"RAG System","executionId":"1235","nodeType":"n8n-nodes-base.httpRequest","nodeName":"HTTP Get Index","nodeId":"cb8c9446-9e31-4216-9772-7ba3552586d0"}}
{"__type":"$$EventMessageConfirm","confirm":"b5ebd91b-01ac-45b3-9cbf-a60e66440722","ts":"2025-09-17T10:19:39.090-04:00","source":{"id":"0","name":"eventBus"}}
{"__type":"$$EventMessageNode","id":"7c710af6-1d98-419c-b688-9db0bae6a2e5","ts":"2025-09-17T10:19:39.090-04:00","eventName":"n8n.node.started","message":"n8n.node.started","payload":{"workflowId":"EJ8kLzFoeRTVT2ez","workflowName":"RAG System","executionId":"1235","nodeType":"n8n-nodes-base.code","nodeName":"Parse Last Index","nodeId":"9c8a5704-81bd-425c-baa1-eda30ba383fe"}}
{"__type":"$$EventMessageConfirm","confirm":"7c710af6-1d98-419c-b688-9db0bae6a2e5","ts":"2025-09-17T10:19:39.090-04:00","source":{"id":"0","name":"eventBus"}}
{"__type":"$$EventMessageNode","id":"9b459e59-7f83-40a1-8216-dd5595ded60f","ts":"2025-09-17T10:19:39.096-04:00","eventName":"n8n.node.finished","message":"n8n.node.finished","payload":{"workflowId":"EJ8kLzFoeRTVT2ez","workflowName":"RAG System","executionId":"1235","nodeType":"n8n-nodes-base.code","nodeName":"Parse Last Index","nodeId":"9c8a5704-81bd-425c-baa1-eda30ba383fe"}}
{"__type":"$$EventMessageConfirm","confirm":"9b459e59-7f83-40a1-8216-dd5595ded60f","ts":"2025-09-17T10:19:39.096-04:00","source":{"id":"0","name":"eventBus"}}
{"__type":"$$EventMessageNode","id":"45707238-3ffd-4fef-9768-c0e7a95dd2a9","ts":"2025-09-17T10:19:39.097-04:00","eventName":"n8n.node.started","message":"n8n.node.started","payload":{"workflowId":"EJ8kLzFoeRTVT2ez","workflowName":"RAG System","executionId":"1235","nodeType":"n8n-nodes-base.merge","nodeName":"Merge embeddings-Index","nodeId":"faf68925-1a15-4297-8cbb-325ae4708114"}}
{"__type":"$$EventMessageConfirm","confirm":"45707238-3ffd-4fef-9768-c0e7a95dd2a9","ts":"2025-09-17T10:19:39.097-04:00","source":{"id":"0","name":"eventBus"}}
{"__type":"$$EventMessageNode","id":"184a77e9-5eb6-488e-920f-284625f9f7c1","ts":"2025-09-17T10:19:39.104-04:00","eventName":"n8n.node.finished","message":"n8n.node.finished","payload":{"workflowId":"EJ8kLzFoeRTVT2ez","workflowName":"RAG System","executionId":"1235","nodeType":"n8n-nodes-base.merge","nodeName":"Merge embeddings-Index","nodeId":"faf68925-1a15-4297-8cbb-325ae4708114"}}
{"__type":"$$EventMessageConfirm","confirm":"184a77e9-5eb6-488e-920f-284625f9f7c1","ts":"2025-09-17T10:19:39.104-04:00","source":{"id":"0","name":"eventBus"}}
{"__type":"$$EventMessageNode","id":"ea7e283b-f93f-4aa7-b7b3-3289766e7235","ts":"2025-09-17T10:19:39.105-04:00","eventName":"n8n.node.started","message":"n8n.node.started","payload":{"workflowId":"EJ8kLzFoeRTVT2ez","workflowName":"RAG System","executionId":"1235","nodeType":"n8n-nodes-base.code","nodeName":"Update Index","nodeId":"f11e2212-0925-453d-9e6d-624822bb630a"}}
{"__type":"$$EventMessageConfirm","confirm":"ea7e283b-f93f-4aa7-b7b3-3289766e7235","ts":"2025-09-17T10:19:39.105-04:00","source":{"id":"0","name":"eventBus"}}
{"__type":"$$EventMessageNode","id":"5a667de4-5da2-47e9-9b37-ffff2beb7885","ts":"2025-09-17T10:19:39.132-04:00","eventName":"n8n.node.finished","message":"n8n.node.finished","payload":{"workflowId":"EJ8kLzFoeRTVT2ez","workflowName":"RAG System","executionId":"1235","nodeType":"n8n-nodes-base.code","nodeName":"Update Index","nodeId":"f11e2212-0925-453d-9e6d-624822bb630a"}}
{"__type":"$$EventMessageConfirm","confirm":"5a667de4-5da2-47e9-9b37-ffff2beb7885","ts":"2025-09-17T10:19:39.132-04:00","source":{"id":"0","name":"eventBus"}}
{"__type":"$$EventMessageNode","id":"a36f4911-15a7-4aeb-bd38-89726ae2e9a6","ts":"2025-09-17T10:19:39.132-04:00","eventName":"n8n.node.started","message":"n8n.node.started","payload":{"workflowId":"EJ8kLzFoeRTVT2ez","workflowName":"RAG System","executionId":"1235","nodeType":"n8n-nodes-base.code","nodeName":"Split Chunk Points","nodeId":"1cb3849e-3a57-4c35-b6b8-eb27f4845a80"}}
{"__type":"$$EventMessageConfirm","confirm":"a36f4911-15a7-4aeb-bd38-89726ae2e9a6","ts":"2025-09-17T10:19:39.133-04:00","source":{"id":"0","name":"eventBus"}}
{"__type":"$$EventMessageNode","id":"c441a3e0-3cac-4d9f-8ece-5adb095e6166","ts":"2025-09-17T10:19:39.141-04:00","eventName":"n8n.node.finished","message":"n8n.node.finished","payload":{"workflowId":"EJ8kLzFoeRTVT2ez","workflowName":"RAG System","executionId":"1235","nodeType":"n8n-nodes-base.code","nodeName":"Split Chunk Points","nodeId":"1cb3849e-3a57-4c35-b6b8-eb27f4845a80"}}
{"__type":"$$EventMessageConfirm","confirm":"c441a3e0-3cac-4d9f-8ece-5adb095e6166","ts":"2025-09-17T10:19:39.141-04:00","source":{"id":"0","name":"eventBus"}}
{"__type":"$$EventMessageNode","id":"5081acaf-b6ac-47b8-8641-ae464ad9dd56","ts":"2025-09-17T10:19:39.143-04:00","eventName":"n8n.node.started","message":"n8n.node.started","payload":{"workflowId":"EJ8kLzFoeRTVT2ez","workflowName":"RAG System","executionId":"1235","nodeType":"n8n-nodes-base.httpRequest","nodeName":"HTTP Upload Collection","nodeId":"7abc9f1e-4341-4fb2-8941-153c7ef67c7c"}}
{"__type":"$$EventMessageConfirm","confirm":"5081acaf-b6ac-47b8-8641-ae464ad9dd56","ts":"2025-09-17T10:19:39.143-04:00","source":{"id":"0","name":"eventBus"}}
{"__type":"$$EventMessageNode","id":"44cc4eae-12ed-4f54-9b2b-3a9f09827921","ts":"2025-09-17T10:19:39.157-04:00","eventName":"n8n.node.finished","message":"n8n.node.finished","payload":{"workflowId":"EJ8kLzFoeRTVT2ez","workflowName":"RAG System","executionId":"1235","nodeType":"n8n-nodes-base.httpRequest","nodeName":"HTTP Upload Collection","nodeId":"7abc9f1e-4341-4fb2-8941-153c7ef67c7c"}}
{"__type":"$$EventMessageConfirm","confirm":"44cc4eae-12ed-4f54-9b2b-3a9f09827921","ts":"2025-09-17T10:19:39.157-04:00","source":{"id":"0","name":"eventBus"}}
{"__type":"$$EventMessageNode","id":"517426bf-80bc-4dee-a92f-eda5723ccd38","ts":"2025-09-17T10:19:39.157-04:00","eventName":"n8n.node.started","message":"n8n.node.started","payload":{"workflowId":"EJ8kLzFoeRTVT2ez","workflowName":"RAG System","executionId":"1235","nodeType":"n8n-nodes-base.executeCommand","nodeName":"Registro.csv exist?","nodeId":"b05f0c9d-00af-40c0-b7fd-a2b33d854426"}}
{"__type":"$$EventMessageConfirm","confirm":"517426bf-80bc-4dee-a92f-eda5723ccd38","ts":"2025-09-17T10:19:39.157-04:00","source":{"id":"0","name":"eventBus"}}
{"__type":"$$EventMessageNode","id":"84a94d99-6725-4b71-8974-bf8f0d855247","ts":"2025-09-17T10:19:39.163-04:00","eventName":"n8n.node.finished","message":"n8n.node.finished","payload":{"workflowId":"EJ8kLzFoeRTVT2ez","workflowName":"RAG System","executionId":"1235","nodeType":"n8n-nodes-base.executeCommand","nodeName":"Registro.csv exist?","nodeId":"b05f0c9d-00af-40c0-b7fd-a2b33d854426"}}
{"__type":"$$EventMessageConfirm","confirm":"84a94d99-6725-4b71-8974-bf8f0d855247","ts":"2025-09-17T10:19:39.163-04:00","source":{"id":"0","name":"eventBus"}}
{"__type":"$$EventMessageNode","id":"1c05f702-4b99-4557-a7b3-e4710cf22eda","ts":"2025-09-17T10:19:39.163-04:00","eventName":"n8n.node.started","message":"n8n.node.started","payload":{"workflowId":"EJ8kLzFoeRTVT2ez","workflowName":"RAG System","executionId":"1235","nodeType":"n8n-nodes-base.if","nodeName":"If","nodeId":"3821721d-501e-4578-a1a0-aa3c0d88d336"}}
{"__type":"$$EventMessageConfirm","confirm":"1c05f702-4b99-4557-a7b3-e4710cf22eda","ts":"2025-09-17T10:19:39.163-04:00","source":{"id":"0","name":"eventBus"}}
{"__type":"$$EventMessageNode","id":"ebfe4c1e-138b-4bb6-9f3c-fafba45717a9","ts":"2025-09-17T10:19:39.165-04:00","eventName":"n8n.node.finished","message":"n8n.node.finished","payload":{"workflowId":"EJ8kLzFoeRTVT2ez","workflowName":"RAG System","executionId":"1235","nodeType":"n8n-nodes-base.if","nodeName":"If","nodeId":"3821721d-501e-4578-a1a0-aa3c0d88d336"}}
{"__type":"$$EventMessageConfirm","confirm":"ebfe4c1e-138b-4bb6-9f3c-fafba45717a9","ts":"2025-09-17T10:19:39.165-04:00","source":{"id":"0","name":"eventBus"}}
{"__type":"$$EventMessageNode","id":"ffabdc99-9c09-449c-a839-3c68fefa2b1f","ts":"2025-09-17T10:19:39.165-04:00","eventName":"n8n.node.started","message":"n8n.node.started","payload":{"workflowId":"EJ8kLzFoeRTVT2ez","workflowName":"RAG System","executionId":"1235","nodeType":"n8n-nodes-base.code","nodeName":"Create Row for Registro.csv","nodeId":"9a903c8c-8dcf-4c12-ab12-ae23e5d3d494"}}
{"__type":"$$EventMessageConfirm","confirm":"ffabdc99-9c09-449c-a839-3c68fefa2b1f","ts":"2025-09-17T10:19:39.165-04:00","source":{"id":"0","name":"eventBus"}}
{"__type":"$$EventMessageNode","id":"5ec6d274-b47e-47b8-869f-d85434d140cc","ts":"2025-09-17T10:19:39.172-04:00","eventName":"n8n.node.finished","message":"n8n.node.finished","payload":{"workflowId":"EJ8kLzFoeRTVT2ez","workflowName":"RAG System","executionId":"1235","nodeType":"n8n-nodes-base.code","nodeName":"Create Row for Registro.csv","nodeId":"9a903c8c-8dcf-4c12-ab12-ae23e5d3d494"}}
{"__type":"$$EventMessageConfirm","confirm":"5ec6d274-b47e-47b8-869f-d85434d140cc","ts":"2025-09-17T10:19:39.172-04:00","source":{"id":"0","name":"eventBus"}}
{"__type":"$$EventMessageNode","id":"7609e744-816b-4436-af61-680c0f646b63","ts":"2025-09-17T10:19:39.172-04:00","eventName":"n8n.node.started","message":"n8n.node.started","payload":{"workflowId":"EJ8kLzFoeRTVT2ez","workflowName":"RAG System","executionId":"1235","nodeType":"n8n-nodes-base.readWriteFile","nodeName":"Save registro.csv","nodeId":"cef93408-94c2-4d96-9b16-9c36b29f9fe5"}}
{"__type":"$$EventMessageConfirm","confirm":"7609e744-816b-4436-af61-680c0f646b63","ts":"2025-09-17T10:19:39.173-04:00","source":{"id":"0","name":"eventBus"}}
{"__type":"$$EventMessageNode","id":"1c376e24-4181-4404-8632-1ff1070a1bc7","ts":"2025-09-17T10:19:39.174-04:00","eventName":"n8n.node.finished","message":"n8n.node.finished","payload":{"workflowId":"EJ8kLzFoeRTVT2ez","workflowName":"RAG System","executionId":"1235","nodeType":"n8n-nodes-base.readWriteFile","nodeName":"Save registro.csv","nodeId":"cef93408-94c2-4d96-9b16-9c36b29f9fe5"}}
{"__type":"$$EventMessageConfirm","confirm":"1c376e24-4181-4404-8632-1ff1070a1bc7","ts":"2025-09-17T10:19:39.174-04:00","source":{"id":"0","name":"eventBus"}}
{"__type":"$$EventMessageNode","id":"07be1164-0b0c-4ed6-a8cc-d241a8811aed","ts":"2025-09-17T10:19:39.175-04:00","eventName":"n8n.node.started","message":"n8n.node.started","payload":{"workflowId":"EJ8kLzFoeRTVT2ez","workflowName":"RAG System","executionId":"1235","nodeType":"n8n-nodes-base.readWriteFile","nodeName":"Load registro.csv","nodeId":"18f727c8-3936-463c-8e77-fa74654c409e"}}
{"__type":"$$EventMessageConfirm","confirm":"07be1164-0b0c-4ed6-a8cc-d241a8811aed","ts":"2025-09-17T10:19:39.175-04:00","source":{"id":"0","name":"eventBus"}}
{"__type":"$$EventMessageNode","id":"8b8a3794-f1a5-4baf-b7e7-3ca732bd7cdd","ts":"2025-09-17T10:19:39.177-04:00","eventName":"n8n.node.finished","message":"n8n.node.finished","payload":{"workflowId":"EJ8kLzFoeRTVT2ez","workflowName":"RAG System","executionId":"1235","nodeType":"n8n-nodes-base.readWriteFile","nodeName":"Load registro.csv","nodeId":"18f727c8-3936-463c-8e77-fa74654c409e"}}
{"__type":"$$EventMessageConfirm","confirm":"8b8a3794-f1a5-4baf-b7e7-3ca732bd7cdd","ts":"2025-09-17T10:19:39.178-04:00","source":{"id":"0","name":"eventBus"}}
{"__type":"$$EventMessageNode","id":"1f65dd7a-e162-49cb-bb71-b44b1225f744","ts":"2025-09-17T10:19:39.178-04:00","eventName":"n8n.node.started","message":"n8n.node.started","payload":{"workflowId":"EJ8kLzFoeRTVT2ez","workflowName":"RAG System","executionId":"1235","nodeType":"n8n-nodes-base.extractFromFile","nodeName":"Extract registro.csv","nodeId":"f2aea464-01f2-433b-a636-561a27e6deb6"}}
{"__type":"$$EventMessageConfirm","confirm":"1f65dd7a-e162-49cb-bb71-b44b1225f744","ts":"2025-09-17T10:19:39.178-04:00","source":{"id":"0","name":"eventBus"}}
{"__type":"$$EventMessageNode","id":"879de1fb-24a6-4e39-89a5-96356989d42d","ts":"2025-09-17T10:19:39.185-04:00","eventName":"n8n.node.finished","message":"n8n.node.finished","payload":{"workflowId":"EJ8kLzFoeRTVT2ez","workflowName":"RAG System","executionId":"1235","nodeType":"n8n-nodes-base.extractFromFile","nodeName":"Extract registro.csv","nodeId":"f2aea464-01f2-433b-a636-561a27e6deb6"}}
{"__type":"$$EventMessageConfirm","confirm":"879de1fb-24a6-4e39-89a5-96356989d42d","ts":"2025-09-17T10:19:39.185-04:00","source":{"id":"0","name":"eventBus"}}
{"__type":"$$EventMessageNode","id":"cba5f903-a156-4561-8009-970bde58d68f","ts":"2025-09-17T10:19:39.186-04:00","eventName":"n8n.node.started","message":"n8n.node.started","payload":{"workflowId":"EJ8kLzFoeRTVT2ez","workflowName":"RAG System","executionId":"1235","nodeType":"n8n-nodes-base.convertToFile","nodeName":"Convert to XLSX","nodeId":"de8966a4-f386-4899-a503-69b74b8cc1fc"}}
{"__type":"$$EventMessageConfirm","confirm":"cba5f903-a156-4561-8009-970bde58d68f","ts":"2025-09-17T10:19:39.186-04:00","source":{"id":"0","name":"eventBus"}}
{"__type":"$$EventMessageNode","id":"81c749c2-1f66-4779-a0f2-38817252d695","ts":"2025-09-17T10:19:39.196-04:00","eventName":"n8n.node.finished","message":"n8n.node.finished","payload":{"workflowId":"EJ8kLzFoeRTVT2ez","workflowName":"RAG System","executionId":"1235","nodeType":"n8n-nodes-base.convertToFile","nodeName":"Convert to XLSX","nodeId":"de8966a4-f386-4899-a503-69b74b8cc1fc"}}
{"__type":"$$EventMessageConfirm","confirm":"81c749c2-1f66-4779-a0f2-38817252d695","ts":"2025-09-17T10:19:39.196-04:00","source":{"id":"0","name":"eventBus"}}
{"__type":"$$EventMessageNode","id":"20435adf-abbb-4911-895e-9fa9976a284b","ts":"2025-09-17T10:19:39.197-04:00","eventName":"n8n.node.started","message":"n8n.node.started","payload":{"workflowId":"EJ8kLzFoeRTVT2ez","workflowName":"RAG System","executionId":"1235","nodeType":"n8n-nodes-base.readWriteFile","nodeName":"Save registro.xlsx","nodeId":"e4dc037f-e2c0-443d-9d4b-fc59fed1b61b"}}
{"__type":"$$EventMessageConfirm","confirm":"20435adf-abbb-4911-895e-9fa9976a284b","ts":"2025-09-17T10:19:39.197-04:00","source":{"id":"0","name":"eventBus"}}
{"__type":"$$EventMessageNode","id":"5e3df563-4f37-4c19-8a1b-e21f39bc76ff","ts":"2025-09-17T10:19:39.202-04:00","eventName":"n8n.node.finished","message":"n8n.node.finished","payload":{"workflowId":"EJ8kLzFoeRTVT2ez","workflowName":"RAG System","executionId":"1235","nodeType":"n8n-nodes-base.readWriteFile","nodeName":"Save registro.xlsx","nodeId":"e4dc037f-e2c0-443d-9d4b-fc59fed1b61b"}}
{"__type":"$$EventMessageConfirm","confirm":"5e3df563-4f37-4c19-8a1b-e21f39bc76ff","ts":"2025-09-17T10:19:39.202-04:00","source":{"id":"0","name":"eventBus"}}
{"__type":"$$EventMessageNode","id":"26964c8e-420c-4ff8-8e0a-6424a062750c","ts":"2025-09-17T10:19:39.203-04:00","eventName":"n8n.node.started","message":"n8n.node.started","payload":{"workflowId":"EJ8kLzFoeRTVT2ez","workflowName":"RAG System","executionId":"1235","nodeType":"n8n-nodes-base.readWriteFile","nodeName":"Write tmp file","nodeId":"866ccc5f-2cba-4e76-aabb-8d0d2ebbd549"}}
{"__type":"$$EventMessageConfirm","confirm":"26964c8e-420c-4ff8-8e0a-6424a062750c","ts":"2025-09-17T10:19:39.203-04:00","source":{"id":"0","name":"eventBus"}}
{"__type":"$$EventMessageNode","id":"28d90d1a-fc0d-4da0-85c8-1e988cb046a0","ts":"2025-09-17T10:19:39.223-04:00","eventName":"n8n.node.finished","message":"n8n.node.finished","payload":{"workflowId":"EJ8kLzFoeRTVT2ez","workflowName":"RAG System","executionId":"1235","nodeType":"n8n-nodes-base.readWriteFile","nodeName":"Write tmp file","nodeId":"866ccc5f-2cba-4e76-aabb-8d0d2ebbd549"}}
{"__type":"$$EventMessageConfirm","confirm":"28d90d1a-fc0d-4da0-85c8-1e988cb046a0","ts":"2025-09-17T10:19:39.223-04:00","source":{"id":"0","name":"eventBus"}}
{"__type":"$$EventMessageNode","id":"b0d8e215-2886-4038-be7e-6fed9e92f135","ts":"2025-09-17T10:19:39.223-04:00","eventName":"n8n.node.started","message":"n8n.node.started","payload":{"workflowId":"EJ8kLzFoeRTVT2ez","workflowName":"RAG System","executionId":"1235","nodeType":"n8n-nodes-base.httpRequest","nodeName":"HTTP Request","nodeId":"125dfed5-bf55-4a91-8e15-55dbeec1a2fb"}}
{"__type":"$$EventMessageConfirm","confirm":"b0d8e215-2886-4038-be7e-6fed9e92f135","ts":"2025-09-17T10:19:39.223-04:00","source":{"id":"0","name":"eventBus"}}
{"__type":"$$EventMessageNode","id":"52d33981-3ed2-4434-9846-a68a0a5e745a","ts":"2025-09-17T10:19:39.289-04:00","eventName":"n8n.node.finished","message":"n8n.node.finished","payload":{"workflowId":"EJ8kLzFoeRTVT2ez","workflowName":"RAG System","executionId":"1235","nodeType":"n8n-nodes-base.httpRequest","nodeName":"HTTP Request","nodeId":"125dfed5-bf55-4a91-8e15-55dbeec1a2fb"}}
{"__type":"$$EventMessageConfirm","confirm":"52d33981-3ed2-4434-9846-a68a0a5e745a","ts":"2025-09-17T10:19:39.289-04:00","source":{"id":"0","name":"eventBus"}}
{"__type":"$$EventMessageWorkflow","id":"6feddc26-0730-4dfe-ba2a-968ba0ef115d","ts":"2025-09-17T10:19:39.289-04:00","eventName":"n8n.workflow.failed","message":"n8n.workflow.failed","payload":{"executionId":"1235","success":false,"isManual":false,"workflowId":"EJ8kLzFoeRTVT2ez","workflowName":"RAG System","lastNodeExecuted":"HTTP Request","errorNodeType":"n8n-nodes-base.httpRequest","errorMessage":"The service refused the connection - perhaps it is offline"}}
{"__type":"$$EventMessageConfirm","confirm":"6feddc26-0730-4dfe-ba2a-968ba0ef115d","ts":"2025-09-17T10:19:39.290-04:00","source":{"id":"0","name":"eventBus"}}
