{"__type":"$$EventMessageAudit","id":"f24ffc1e-5103-4c1e-820d-eb345ef2d72a","ts":"2025-07-23T10:18:08.137+02:00","eventName":"n8n.audit.workflow.updated","message":"n8n.audit.workflow.updated","payload":{"userId":"f55a37bb-3c2c-4b89-a9ee-cfc1ed810595","_email":"jesus.pardo@airtrace.io","_firstName":"Jesus","_lastName":"Pardo Alvarez","globalRole":"global:owner","workflowId":"bMamz7Z46I3VUwq9","workflowName":"My workflow"}}
{"__type":"$$EventMessageConfirm","confirm":"f24ffc1e-5103-4c1e-820d-eb345ef2d72a","ts":"2025-07-23T10:18:08.137+02:00","source":{"id":"0","name":"eventBus"}}
{"__type":"$$EventMessageWorkflow","id":"e7ca8292-0c2b-4c4d-8e23-62a93adcf762","ts":"2025-07-23T12:49:08.222+02:00","eventName":"n8n.workflow.started","message":"n8n.workflow.started","payload":{"executionId":"410","workflowId":"bMamz7Z46I3VUwq9","isManual":false,"workflowName":"My workflow"}}
{"__type":"$$EventMessageConfirm","confirm":"e7ca8292-0c2b-4c4d-8e23-62a93adcf762","ts":"2025-07-23T12:49:08.222+02:00","source":{"id":"0","name":"eventBus"}}
{"__type":"$$EventMessageNode","id":"7ec8476e-68a2-4dc9-8d90-2ccb6b510727","ts":"2025-07-23T12:49:08.224+02:00","eventName":"n8n.node.started","message":"n8n.node.started","payload":{"workflowId":"bMamz7Z46I3VUwq9","workflowName":"My workflow","executionId":"410","nodeType":"n8n-nodes-base.set","nodeName":"Edit Fields","nodeId":"71f3f50d-a6cc-4fc9-9cb2-81d866265c22"}}
{"__type":"$$EventMessageConfirm","confirm":"7ec8476e-68a2-4dc9-8d90-2ccb6b510727","ts":"2025-07-23T12:49:08.224+02:00","source":{"id":"0","name":"eventBus"}}
{"__type":"$$EventMessageNode","id":"dbdd5503-591d-4942-9b33-8f708a42a5e0","ts":"2025-07-23T12:49:08.226+02:00","eventName":"n8n.node.finished","message":"n8n.node.finished","payload":{"workflowId":"bMamz7Z46I3VUwq9","workflowName":"My workflow","executionId":"410","nodeType":"n8n-nodes-base.set","nodeName":"Edit Fields","nodeId":"71f3f50d-a6cc-4fc9-9cb2-81d866265c22"}}
{"__type":"$$EventMessageConfirm","confirm":"dbdd5503-591d-4942-9b33-8f708a42a5e0","ts":"2025-07-23T12:49:08.226+02:00","source":{"id":"0","name":"eventBus"}}
{"__type":"$$EventMessageWorkflow","id":"e8c6c848-7e5c-4fc5-9081-83fa263f601e","ts":"2025-07-23T12:49:08.230+02:00","eventName":"n8n.workflow.success","message":"n8n.workflow.success","payload":{"userId":"f55a37bb-3c2c-4b89-a9ee-cfc1ed810595","executionId":"410","success":true,"isManual":true,"workflowId":"bMamz7Z46I3VUwq9","workflowName":"My workflow"}}
{"__type":"$$EventMessageConfirm","confirm":"e8c6c848-7e5c-4fc5-9081-83fa263f601e","ts":"2025-07-23T12:49:08.230+02:00","source":{"id":"0","name":"eventBus"}}
{"__type":"$$EventMessageAudit","id":"5a99de5a-68f1-44de-8e71-ac7b0c7e7691","ts":"2025-07-23T12:49:08.300+02:00","eventName":"n8n.audit.workflow.updated","message":"n8n.audit.workflow.updated","payload":{"userId":"f55a37bb-3c2c-4b89-a9ee-cfc1ed810595","_email":"jesus.pardo@airtrace.io","_firstName":"Jesus","_lastName":"Pardo Alvarez","globalRole":"global:owner","workflowId":"bMamz7Z46I3VUwq9","workflowName":"My workflow"}}
{"__type":"$$EventMessageConfirm","confirm":"5a99de5a-68f1-44de-8e71-ac7b0c7e7691","ts":"2025-07-23T12:49:08.300+02:00","source":{"id":"0","name":"eventBus"}}
{"__type":"$$EventMessageWorkflow","id":"50d9decf-0c19-4bf4-b7b0-5dcdf84486c1","ts":"2025-07-23T12:49:18.929+02:00","eventName":"n8n.workflow.failed","message":"n8n.workflow.failed","payload":{"userId":"f55a37bb-3c2c-4b89-a9ee-cfc1ed810595","executionId":"411","success":false,"isManual":true,"workflowId":"bMamz7Z46I3VUwq9","workflowName":"My workflow","errorMessage":"Connect a trigger to run this node"}}
{"__type":"$$EventMessageConfirm","confirm":"50d9decf-0c19-4bf4-b7b0-5dcdf84486c1","ts":"2025-07-23T12:49:18.929+02:00","source":{"id":"0","name":"eventBus"}}
{"__type":"$$EventMessageAudit","id":"cbfe370c-9076-4f72-8bf2-4751a7fda5da","ts":"2025-07-23T12:52:41.647+02:00","eventName":"n8n.audit.workflow.updated","message":"n8n.audit.workflow.updated","payload":{"userId":"f55a37bb-3c2c-4b89-a9ee-cfc1ed810595","_email":"jesus.pardo@airtrace.io","_firstName":"Jesus","_lastName":"Pardo Alvarez","globalRole":"global:owner","workflowId":"QDnUCputbdnQ56Kp","workflowName":"UTILS - Consulta telemetría ThingsBoard"}}
{"__type":"$$EventMessageConfirm","confirm":"cbfe370c-9076-4f72-8bf2-4751a7fda5da","ts":"2025-07-23T12:52:41.647+02:00","source":{"id":"0","name":"eventBus"}}
{"__type":"$$EventMessageWorkflow","id":"3c388fd5-d1a3-49c5-a4ee-94ededfb634a","ts":"2025-07-23T12:52:57.203+02:00","eventName":"n8n.workflow.started","message":"n8n.workflow.started","payload":{"executionId":"412","workflowId":"bMamz7Z46I3VUwq9","isManual":false,"workflowName":"My workflow"}}
{"__type":"$$EventMessageConfirm","confirm":"3c388fd5-d1a3-49c5-a4ee-94ededfb634a","ts":"2025-07-23T12:52:57.203+02:00","source":{"id":"0","name":"eventBus"}}
{"__type":"$$EventMessageNode","id":"fb1c2715-d398-4fd5-ada8-3b4142869d11","ts":"2025-07-23T12:52:57.203+02:00","eventName":"n8n.node.started","message":"n8n.node.started","payload":{"workflowId":"bMamz7Z46I3VUwq9","workflowName":"My workflow","executionId":"412","nodeType":"n8n-nodes-base.set","nodeName":"Edit Fields","nodeId":"71f3f50d-a6cc-4fc9-9cb2-81d866265c22"}}
{"__type":"$$EventMessageConfirm","confirm":"fb1c2715-d398-4fd5-ada8-3b4142869d11","ts":"2025-07-23T12:52:57.203+02:00","source":{"id":"0","name":"eventBus"}}
{"__type":"$$EventMessageNode","id":"220ffbe2-c2f0-42c7-8446-9605489ee480","ts":"2025-07-23T12:52:57.204+02:00","eventName":"n8n.node.finished","message":"n8n.node.finished","payload":{"workflowId":"bMamz7Z46I3VUwq9","workflowName":"My workflow","executionId":"412","nodeType":"n8n-nodes-base.set","nodeName":"Edit Fields","nodeId":"71f3f50d-a6cc-4fc9-9cb2-81d866265c22"}}
{"__type":"$$EventMessageConfirm","confirm":"220ffbe2-c2f0-42c7-8446-9605489ee480","ts":"2025-07-23T12:52:57.204+02:00","source":{"id":"0","name":"eventBus"}}
{"__type":"$$EventMessageWorkflow","id":"bb33caf6-6b26-4484-9ec5-0e48cc48a4ff","ts":"2025-07-23T12:52:57.205+02:00","eventName":"n8n.workflow.success","message":"n8n.workflow.success","payload":{"userId":"f55a37bb-3c2c-4b89-a9ee-cfc1ed810595","executionId":"412","success":true,"isManual":true,"workflowId":"bMamz7Z46I3VUwq9","workflowName":"My workflow"}}
{"__type":"$$EventMessageConfirm","confirm":"bb33caf6-6b26-4484-9ec5-0e48cc48a4ff","ts":"2025-07-23T12:52:57.205+02:00","source":{"id":"0","name":"eventBus"}}
{"__type":"$$EventMessageWorkflow","id":"33302fa3-00c8-4cf5-b703-5d3f5b7916ec","ts":"2025-07-23T12:52:59.398+02:00","eventName":"n8n.workflow.failed","message":"n8n.workflow.failed","payload":{"userId":"f55a37bb-3c2c-4b89-a9ee-cfc1ed810595","executionId":"413","success":false,"isManual":true,"workflowId":"bMamz7Z46I3VUwq9","workflowName":"My workflow","errorMessage":"Connect a trigger to run this node"}}
{"__type":"$$EventMessageConfirm","confirm":"33302fa3-00c8-4cf5-b703-5d3f5b7916ec","ts":"2025-07-23T12:52:59.398+02:00","source":{"id":"0","name":"eventBus"}}
{"__type":"$$EventMessageWorkflow","id":"8356fe59-b5eb-4e8b-8168-995aa45c955a","ts":"2025-07-23T12:53:47.290+02:00","eventName":"n8n.workflow.started","message":"n8n.workflow.started","payload":{"executionId":"414","workflowId":"bMamz7Z46I3VUwq9","isManual":false,"workflowName":"My workflow"}}
{"__type":"$$EventMessageConfirm","confirm":"8356fe59-b5eb-4e8b-8168-995aa45c955a","ts":"2025-07-23T12:53:47.290+02:00","source":{"id":"0","name":"eventBus"}}
{"__type":"$$EventMessageNode","id":"d5747f4f-602b-401b-bf39-46c85a7e4321","ts":"2025-07-23T12:53:47.291+02:00","eventName":"n8n.node.started","message":"n8n.node.started","payload":{"workflowId":"bMamz7Z46I3VUwq9","workflowName":"My workflow","executionId":"414","nodeType":"n8n-nodes-base.set","nodeName":"Edit Fields","nodeId":"71f3f50d-a6cc-4fc9-9cb2-81d866265c22"}}
{"__type":"$$EventMessageConfirm","confirm":"d5747f4f-602b-401b-bf39-46c85a7e4321","ts":"2025-07-23T12:53:47.291+02:00","source":{"id":"0","name":"eventBus"}}
{"__type":"$$EventMessageNode","id":"e24863c4-5318-4022-b2eb-8c5a73f985ba","ts":"2025-07-23T12:53:47.292+02:00","eventName":"n8n.node.finished","message":"n8n.node.finished","payload":{"workflowId":"bMamz7Z46I3VUwq9","workflowName":"My workflow","executionId":"414","nodeType":"n8n-nodes-base.set","nodeName":"Edit Fields","nodeId":"71f3f50d-a6cc-4fc9-9cb2-81d866265c22"}}
{"__type":"$$EventMessageConfirm","confirm":"e24863c4-5318-4022-b2eb-8c5a73f985ba","ts":"2025-07-23T12:53:47.292+02:00","source":{"id":"0","name":"eventBus"}}
{"__type":"$$EventMessageNode","id":"bfb5acac-055b-4395-8fc0-dfbc6fcff28c","ts":"2025-07-23T12:53:47.292+02:00","eventName":"n8n.node.started","message":"n8n.node.started","payload":{"workflowId":"bMamz7Z46I3VUwq9","workflowName":"My workflow","executionId":"414","nodeType":"n8n-nodes-base.executeWorkflow","nodeName":"Execute Workflow","nodeId":"2fae4bb1-1c35-4ae8-926a-dbf09ea5d23f"}}
{"__type":"$$EventMessageConfirm","confirm":"bfb5acac-055b-4395-8fc0-dfbc6fcff28c","ts":"2025-07-23T12:53:47.292+02:00","source":{"id":"0","name":"eventBus"}}
{"__type":"$$EventMessageWorkflow","id":"93b77b0b-fde7-4f64-bb75-f5f93b949d76","ts":"2025-07-23T06:53:47.390-04:00","eventName":"n8n.workflow.started","message":"n8n.workflow.started","payload":{"executionId":"415","workflowId":"QDnUCputbdnQ56Kp","isManual":false,"workflowName":"UTILS - Consulta telemetría ThingsBoard"}}
{"__type":"$$EventMessageConfirm","confirm":"93b77b0b-fde7-4f64-bb75-f5f93b949d76","ts":"2025-07-23T06:53:47.390-04:00","source":{"id":"0","name":"eventBus"}}
{"__type":"$$EventMessageNode","id":"92ebc72f-5598-41a7-a2e4-ff805e40c52f","ts":"2025-07-23T06:53:47.390-04:00","eventName":"n8n.node.started","message":"n8n.node.started","payload":{"workflowId":"QDnUCputbdnQ56Kp","workflowName":"UTILS - Consulta telemetría ThingsBoard","executionId":"415","nodeType":"n8n-nodes-base.manualTrigger","nodeName":"When clicking ‘Execute workflow’","nodeId":"622a4a3b-ada0-4cc4-baed-95992d3ce8fc"}}
{"__type":"$$EventMessageConfirm","confirm":"92ebc72f-5598-41a7-a2e4-ff805e40c52f","ts":"2025-07-23T06:53:47.390-04:00","source":{"id":"0","name":"eventBus"}}
{"__type":"$$EventMessageNode","id":"76d9f477-475f-478f-8e4c-32e2e75b90d3","ts":"2025-07-23T06:53:47.390-04:00","eventName":"n8n.node.finished","message":"n8n.node.finished","payload":{"workflowId":"QDnUCputbdnQ56Kp","workflowName":"UTILS - Consulta telemetría ThingsBoard","executionId":"415","nodeType":"n8n-nodes-base.manualTrigger","nodeName":"When clicking ‘Execute workflow’","nodeId":"622a4a3b-ada0-4cc4-baed-95992d3ce8fc"}}
{"__type":"$$EventMessageConfirm","confirm":"76d9f477-475f-478f-8e4c-32e2e75b90d3","ts":"2025-07-23T06:53:47.390-04:00","source":{"id":"0","name":"eventBus"}}
{"__type":"$$EventMessageNode","id":"d9fae1b4-3381-48b3-bb25-547b4f46dd92","ts":"2025-07-23T06:53:47.391-04:00","eventName":"n8n.node.started","message":"n8n.node.started","payload":{"workflowId":"QDnUCputbdnQ56Kp","workflowName":"UTILS - Consulta telemetría ThingsBoard","executionId":"415","nodeType":"n8n-nodes-base.set","nodeName":"Edit Fields","nodeId":"7b4ff59f-872e-412f-8189-21f9ff268fb7"}}
{"__type":"$$EventMessageConfirm","confirm":"d9fae1b4-3381-48b3-bb25-547b4f46dd92","ts":"2025-07-23T06:53:47.391-04:00","source":{"id":"0","name":"eventBus"}}
{"__type":"$$EventMessageNode","id":"f374660b-189f-4842-af8a-c99239b32d80","ts":"2025-07-23T06:53:47.423-04:00","eventName":"n8n.node.finished","message":"n8n.node.finished","payload":{"workflowId":"QDnUCputbdnQ56Kp","workflowName":"UTILS - Consulta telemetría ThingsBoard","executionId":"415","nodeType":"n8n-nodes-base.set","nodeName":"Edit Fields","nodeId":"7b4ff59f-872e-412f-8189-21f9ff268fb7"}}
{"__type":"$$EventMessageConfirm","confirm":"f374660b-189f-4842-af8a-c99239b32d80","ts":"2025-07-23T06:53:47.423-04:00","source":{"id":"0","name":"eventBus"}}
{"__type":"$$EventMessageNode","id":"4df05e35-cd22-4f3a-9bbb-93587b86b3cd","ts":"2025-07-23T06:53:47.423-04:00","eventName":"n8n.node.started","message":"n8n.node.started","payload":{"workflowId":"QDnUCputbdnQ56Kp","workflowName":"UTILS - Consulta telemetría ThingsBoard","executionId":"415","nodeType":"n8n-nodes-base.httpRequest","nodeName":"TOKEN","nodeId":"1c344310-a794-4b30-80ee-eede4aa8cca9"}}
{"__type":"$$EventMessageConfirm","confirm":"4df05e35-cd22-4f3a-9bbb-93587b86b3cd","ts":"2025-07-23T06:53:47.423-04:00","source":{"id":"0","name":"eventBus"}}
{"__type":"$$EventMessageNode","id":"3dc6249b-954a-4543-92e4-4e81444fa9f8","ts":"2025-07-23T06:53:48.557-04:00","eventName":"n8n.node.finished","message":"n8n.node.finished","payload":{"workflowId":"QDnUCputbdnQ56Kp","workflowName":"UTILS - Consulta telemetría ThingsBoard","executionId":"415","nodeType":"n8n-nodes-base.httpRequest","nodeName":"TOKEN","nodeId":"1c344310-a794-4b30-80ee-eede4aa8cca9"}}
{"__type":"$$EventMessageConfirm","confirm":"3dc6249b-954a-4543-92e4-4e81444fa9f8","ts":"2025-07-23T06:53:48.557-04:00","source":{"id":"0","name":"eventBus"}}
{"__type":"$$EventMessageNode","id":"e7d35928-a81e-4e0c-a658-4046e9e312be","ts":"2025-07-23T06:53:48.557-04:00","eventName":"n8n.node.started","message":"n8n.node.started","payload":{"workflowId":"QDnUCputbdnQ56Kp","workflowName":"UTILS - Consulta telemetría ThingsBoard","executionId":"415","nodeType":"n8n-nodes-base.httpRequest","nodeName":"DEVICE ID","nodeId":"0d5438f5-73c8-448e-8050-6a8492fea582"}}
{"__type":"$$EventMessageConfirm","confirm":"e7d35928-a81e-4e0c-a658-4046e9e312be","ts":"2025-07-23T06:53:48.557-04:00","source":{"id":"0","name":"eventBus"}}
{"__type":"$$EventMessageNode","id":"20e61dd7-a97d-4856-b1c6-f2da9f3e1a87","ts":"2025-07-23T06:53:48.960-04:00","eventName":"n8n.node.finished","message":"n8n.node.finished","payload":{"workflowId":"QDnUCputbdnQ56Kp","workflowName":"UTILS - Consulta telemetría ThingsBoard","executionId":"415","nodeType":"n8n-nodes-base.httpRequest","nodeName":"DEVICE ID","nodeId":"0d5438f5-73c8-448e-8050-6a8492fea582"}}
{"__type":"$$EventMessageConfirm","confirm":"20e61dd7-a97d-4856-b1c6-f2da9f3e1a87","ts":"2025-07-23T06:53:48.960-04:00","source":{"id":"0","name":"eventBus"}}
{"__type":"$$EventMessageNode","id":"52c3a80b-25eb-4d07-900c-517066fd2878","ts":"2025-07-23T06:53:48.960-04:00","eventName":"n8n.node.started","message":"n8n.node.started","payload":{"workflowId":"QDnUCputbdnQ56Kp","workflowName":"UTILS - Consulta telemetría ThingsBoard","executionId":"415","nodeType":"n8n-nodes-base.httpRequest","nodeName":"DEVICE KEYS","nodeId":"17ed22f9-d055-4e19-957b-da236f7355f0"}}
{"__type":"$$EventMessageConfirm","confirm":"52c3a80b-25eb-4d07-900c-517066fd2878","ts":"2025-07-23T06:53:48.960-04:00","source":{"id":"0","name":"eventBus"}}
{"__type":"$$EventMessageNode","id":"7d1c5c26-414a-478d-861b-0b4b41b07623","ts":"2025-07-23T06:53:49.044-04:00","eventName":"n8n.node.finished","message":"n8n.node.finished","payload":{"workflowId":"QDnUCputbdnQ56Kp","workflowName":"UTILS - Consulta telemetría ThingsBoard","executionId":"415","nodeType":"n8n-nodes-base.httpRequest","nodeName":"DEVICE KEYS","nodeId":"17ed22f9-d055-4e19-957b-da236f7355f0"}}
{"__type":"$$EventMessageConfirm","confirm":"7d1c5c26-414a-478d-861b-0b4b41b07623","ts":"2025-07-23T06:53:49.044-04:00","source":{"id":"0","name":"eventBus"}}
{"__type":"$$EventMessageNode","id":"f30f98fa-934d-498c-8a39-e2a6e6eb597a","ts":"2025-07-23T06:53:49.044-04:00","eventName":"n8n.node.started","message":"n8n.node.started","payload":{"workflowId":"QDnUCputbdnQ56Kp","workflowName":"UTILS - Consulta telemetría ThingsBoard","executionId":"415","nodeType":"n8n-nodes-base.code","nodeName":"Keys list to string","nodeId":"d05612e3-c474-4a70-a627-69d17b8cfc3f"}}
{"__type":"$$EventMessageConfirm","confirm":"f30f98fa-934d-498c-8a39-e2a6e6eb597a","ts":"2025-07-23T06:53:49.044-04:00","source":{"id":"0","name":"eventBus"}}
{"__type":"$$EventMessageNode","id":"94c93be7-1630-4cf9-b86b-d7f748f7a757","ts":"2025-07-23T06:53:49.104-04:00","eventName":"n8n.node.finished","message":"n8n.node.finished","payload":{"workflowId":"QDnUCputbdnQ56Kp","workflowName":"UTILS - Consulta telemetría ThingsBoard","executionId":"415","nodeType":"n8n-nodes-base.code","nodeName":"Keys list to string","nodeId":"d05612e3-c474-4a70-a627-69d17b8cfc3f"}}
{"__type":"$$EventMessageConfirm","confirm":"94c93be7-1630-4cf9-b86b-d7f748f7a757","ts":"2025-07-23T06:53:49.104-04:00","source":{"id":"0","name":"eventBus"}}
{"__type":"$$EventMessageNode","id":"1265dfaf-3220-4ccd-ad0e-7e9257998b70","ts":"2025-07-23T06:53:49.104-04:00","eventName":"n8n.node.started","message":"n8n.node.started","payload":{"workflowId":"QDnUCputbdnQ56Kp","workflowName":"UTILS - Consulta telemetría ThingsBoard","executionId":"415","nodeType":"n8n-nodes-base.httpRequest","nodeName":"TELEMETRY","nodeId":"465384c6-53f4-4a79-90f7-a7add52e306c"}}
{"__type":"$$EventMessageConfirm","confirm":"1265dfaf-3220-4ccd-ad0e-7e9257998b70","ts":"2025-07-23T06:53:49.104-04:00","source":{"id":"0","name":"eventBus"}}
{"__type":"$$EventMessageNode","id":"9b3cc702-bf49-44e4-ad29-460df1752fa4","ts":"2025-07-23T06:53:49.336-04:00","eventName":"n8n.node.finished","message":"n8n.node.finished","payload":{"workflowId":"QDnUCputbdnQ56Kp","workflowName":"UTILS - Consulta telemetría ThingsBoard","executionId":"415","nodeType":"n8n-nodes-base.httpRequest","nodeName":"TELEMETRY","nodeId":"465384c6-53f4-4a79-90f7-a7add52e306c"}}
{"__type":"$$EventMessageConfirm","confirm":"9b3cc702-bf49-44e4-ad29-460df1752fa4","ts":"2025-07-23T06:53:49.336-04:00","source":{"id":"0","name":"eventBus"}}
{"__type":"$$EventMessageWorkflow","id":"bed3ef39-a581-4ca2-a7c5-36d90a2c5a87","ts":"2025-07-23T06:53:49.336-04:00","eventName":"n8n.workflow.success","message":"n8n.workflow.success","payload":{"userId":"f55a37bb-3c2c-4b89-a9ee-cfc1ed810595","executionId":"415","success":true,"isManual":false,"workflowId":"QDnUCputbdnQ56Kp","workflowName":"UTILS - Consulta telemetría ThingsBoard"}}
{"__type":"$$EventMessageConfirm","confirm":"bed3ef39-a581-4ca2-a7c5-36d90a2c5a87","ts":"2025-07-23T06:53:49.336-04:00","source":{"id":"0","name":"eventBus"}}
{"__type":"$$EventMessageNode","id":"d52cc3af-e924-42ff-bb32-f1a9d9ef44f1","ts":"2025-07-23T06:53:49.370-04:00","eventName":"n8n.node.finished","message":"n8n.node.finished","payload":{"workflowId":"bMamz7Z46I3VUwq9","workflowName":"My workflow","executionId":"414","nodeType":"n8n-nodes-base.executeWorkflow","nodeName":"Execute Workflow","nodeId":"2fae4bb1-1c35-4ae8-926a-dbf09ea5d23f"}}
{"__type":"$$EventMessageConfirm","confirm":"d52cc3af-e924-42ff-bb32-f1a9d9ef44f1","ts":"2025-07-23T06:53:49.370-04:00","source":{"id":"0","name":"eventBus"}}
{"__type":"$$EventMessageWorkflow","id":"093b96b1-0f8d-437d-acc6-9aca68d09caa","ts":"2025-07-23T06:53:49.372-04:00","eventName":"n8n.workflow.success","message":"n8n.workflow.success","payload":{"userId":"f55a37bb-3c2c-4b89-a9ee-cfc1ed810595","executionId":"414","success":true,"isManual":true,"workflowId":"bMamz7Z46I3VUwq9","workflowName":"My workflow"}}
{"__type":"$$EventMessageConfirm","confirm":"093b96b1-0f8d-437d-acc6-9aca68d09caa","ts":"2025-07-23T06:53:49.372-04:00","source":{"id":"0","name":"eventBus"}}
{"__type":"$$EventMessageWorkflow","id":"86e1fdbc-e32a-4d30-a742-a608d2422866","ts":"2025-07-23T06:54:03.633-04:00","eventName":"n8n.workflow.failed","message":"n8n.workflow.failed","payload":{"userId":"f55a37bb-3c2c-4b89-a9ee-cfc1ed810595","executionId":"416","success":false,"isManual":true,"workflowId":"bMamz7Z46I3VUwq9","workflowName":"My workflow","errorMessage":"Connect a trigger to run this node"}}
{"__type":"$$EventMessageConfirm","confirm":"86e1fdbc-e32a-4d30-a742-a608d2422866","ts":"2025-07-23T06:54:03.633-04:00","source":{"id":"0","name":"eventBus"}}
{"__type":"$$EventMessageWorkflow","id":"6a14bae7-65bf-4f69-a8d5-1cf0f61b1bf1","ts":"2025-07-23T06:54:08.489-04:00","eventName":"n8n.workflow.started","message":"n8n.workflow.started","payload":{"executionId":"417","workflowId":"bMamz7Z46I3VUwq9","isManual":false,"workflowName":"My workflow"}}
{"__type":"$$EventMessageConfirm","confirm":"6a14bae7-65bf-4f69-a8d5-1cf0f61b1bf1","ts":"2025-07-23T06:54:08.489-04:00","source":{"id":"0","name":"eventBus"}}
{"__type":"$$EventMessageNode","id":"e42619b7-d50a-40df-8ded-2cbef94de26f","ts":"2025-07-23T06:54:08.490-04:00","eventName":"n8n.node.started","message":"n8n.node.started","payload":{"workflowId":"bMamz7Z46I3VUwq9","workflowName":"My workflow","executionId":"417","nodeType":"n8n-nodes-base.set","nodeName":"Edit Fields","nodeId":"71f3f50d-a6cc-4fc9-9cb2-81d866265c22"}}
{"__type":"$$EventMessageConfirm","confirm":"e42619b7-d50a-40df-8ded-2cbef94de26f","ts":"2025-07-23T06:54:08.490-04:00","source":{"id":"0","name":"eventBus"}}
{"__type":"$$EventMessageNode","id":"8f11c1cb-e6e1-4285-8142-2e7faeacc76d","ts":"2025-07-23T06:54:08.490-04:00","eventName":"n8n.node.finished","message":"n8n.node.finished","payload":{"workflowId":"bMamz7Z46I3VUwq9","workflowName":"My workflow","executionId":"417","nodeType":"n8n-nodes-base.set","nodeName":"Edit Fields","nodeId":"71f3f50d-a6cc-4fc9-9cb2-81d866265c22"}}
{"__type":"$$EventMessageConfirm","confirm":"8f11c1cb-e6e1-4285-8142-2e7faeacc76d","ts":"2025-07-23T06:54:08.490-04:00","source":{"id":"0","name":"eventBus"}}
{"__type":"$$EventMessageWorkflow","id":"1e92f8e8-add0-492b-9ffc-1360e80567ae","ts":"2025-07-23T06:54:08.491-04:00","eventName":"n8n.workflow.success","message":"n8n.workflow.success","payload":{"userId":"f55a37bb-3c2c-4b89-a9ee-cfc1ed810595","executionId":"417","success":true,"isManual":true,"workflowId":"bMamz7Z46I3VUwq9","workflowName":"My workflow"}}
{"__type":"$$EventMessageConfirm","confirm":"1e92f8e8-add0-492b-9ffc-1360e80567ae","ts":"2025-07-23T06:54:08.491-04:00","source":{"id":"0","name":"eventBus"}}
{"__type":"$$EventMessageWorkflow","id":"75b29767-5eef-442d-b909-78a5066af39d","ts":"2025-07-23T06:54:14.084-04:00","eventName":"n8n.workflow.failed","message":"n8n.workflow.failed","payload":{"userId":"f55a37bb-3c2c-4b89-a9ee-cfc1ed810595","executionId":"418","success":false,"isManual":true,"workflowId":"bMamz7Z46I3VUwq9","workflowName":"My workflow","errorMessage":"Connect a trigger to run this node"}}
{"__type":"$$EventMessageConfirm","confirm":"75b29767-5eef-442d-b909-78a5066af39d","ts":"2025-07-23T06:54:14.084-04:00","source":{"id":"0","name":"eventBus"}}
{"__type":"$$EventMessageWorkflow","id":"be24407c-651d-43fc-818d-f00a18bcf693","ts":"2025-07-23T06:54:23.992-04:00","eventName":"n8n.workflow.started","message":"n8n.workflow.started","payload":{"executionId":"419","workflowId":"bMamz7Z46I3VUwq9","isManual":false,"workflowName":"My workflow"}}
{"__type":"$$EventMessageConfirm","confirm":"be24407c-651d-43fc-818d-f00a18bcf693","ts":"2025-07-23T06:54:23.992-04:00","source":{"id":"0","name":"eventBus"}}
{"__type":"$$EventMessageNode","id":"9d55f3eb-7f0f-45f1-9eaa-e093648e78ea","ts":"2025-07-23T06:54:23.992-04:00","eventName":"n8n.node.started","message":"n8n.node.started","payload":{"workflowId":"bMamz7Z46I3VUwq9","workflowName":"My workflow","executionId":"419","nodeType":"n8n-nodes-base.set","nodeName":"Edit Fields","nodeId":"71f3f50d-a6cc-4fc9-9cb2-81d866265c22"}}
{"__type":"$$EventMessageConfirm","confirm":"9d55f3eb-7f0f-45f1-9eaa-e093648e78ea","ts":"2025-07-23T06:54:23.992-04:00","source":{"id":"0","name":"eventBus"}}
{"__type":"$$EventMessageNode","id":"3e791e44-b1b6-400e-9475-ab0b6deb17cc","ts":"2025-07-23T06:54:23.993-04:00","eventName":"n8n.node.finished","message":"n8n.node.finished","payload":{"workflowId":"bMamz7Z46I3VUwq9","workflowName":"My workflow","executionId":"419","nodeType":"n8n-nodes-base.set","nodeName":"Edit Fields","nodeId":"71f3f50d-a6cc-4fc9-9cb2-81d866265c22"}}
{"__type":"$$EventMessageConfirm","confirm":"3e791e44-b1b6-400e-9475-ab0b6deb17cc","ts":"2025-07-23T06:54:23.993-04:00","source":{"id":"0","name":"eventBus"}}
{"__type":"$$EventMessageNode","id":"4d3935a3-b0af-4825-bf68-39772000ca1c","ts":"2025-07-23T06:54:23.993-04:00","eventName":"n8n.node.started","message":"n8n.node.started","payload":{"workflowId":"bMamz7Z46I3VUwq9","workflowName":"My workflow","executionId":"419","nodeType":"n8n-nodes-base.executeWorkflow","nodeName":"Execute Workflow","nodeId":"2fae4bb1-1c35-4ae8-926a-dbf09ea5d23f"}}
{"__type":"$$EventMessageConfirm","confirm":"4d3935a3-b0af-4825-bf68-39772000ca1c","ts":"2025-07-23T06:54:23.993-04:00","source":{"id":"0","name":"eventBus"}}
{"__type":"$$EventMessageWorkflow","id":"8e87c600-589e-4cbc-8cf7-6b6a1098451d","ts":"2025-07-23T06:54:24.057-04:00","eventName":"n8n.workflow.started","message":"n8n.workflow.started","payload":{"executionId":"420","workflowId":"QDnUCputbdnQ56Kp","isManual":false,"workflowName":"UTILS - Consulta telemetría ThingsBoard"}}
{"__type":"$$EventMessageConfirm","confirm":"8e87c600-589e-4cbc-8cf7-6b6a1098451d","ts":"2025-07-23T06:54:24.057-04:00","source":{"id":"0","name":"eventBus"}}
{"__type":"$$EventMessageNode","id":"e4fd2e6f-068f-41e5-84fe-3b4f9b04f58f","ts":"2025-07-23T06:54:24.057-04:00","eventName":"n8n.node.started","message":"n8n.node.started","payload":{"workflowId":"QDnUCputbdnQ56Kp","workflowName":"UTILS - Consulta telemetría ThingsBoard","executionId":"420","nodeType":"n8n-nodes-base.manualTrigger","nodeName":"When clicking ‘Execute workflow’","nodeId":"622a4a3b-ada0-4cc4-baed-95992d3ce8fc"}}
{"__type":"$$EventMessageConfirm","confirm":"e4fd2e6f-068f-41e5-84fe-3b4f9b04f58f","ts":"2025-07-23T06:54:24.057-04:00","source":{"id":"0","name":"eventBus"}}
{"__type":"$$EventMessageNode","id":"18e2bfa7-a8c4-4296-8f5f-e56bffa2441b","ts":"2025-07-23T06:54:24.057-04:00","eventName":"n8n.node.finished","message":"n8n.node.finished","payload":{"workflowId":"QDnUCputbdnQ56Kp","workflowName":"UTILS - Consulta telemetría ThingsBoard","executionId":"420","nodeType":"n8n-nodes-base.manualTrigger","nodeName":"When clicking ‘Execute workflow’","nodeId":"622a4a3b-ada0-4cc4-baed-95992d3ce8fc"}}
{"__type":"$$EventMessageConfirm","confirm":"18e2bfa7-a8c4-4296-8f5f-e56bffa2441b","ts":"2025-07-23T06:54:24.057-04:00","source":{"id":"0","name":"eventBus"}}
{"__type":"$$EventMessageNode","id":"4e094950-57ab-4474-b73f-da89a119073a","ts":"2025-07-23T06:54:24.058-04:00","eventName":"n8n.node.started","message":"n8n.node.started","payload":{"workflowId":"QDnUCputbdnQ56Kp","workflowName":"UTILS - Consulta telemetría ThingsBoard","executionId":"420","nodeType":"n8n-nodes-base.set","nodeName":"Edit Fields","nodeId":"7b4ff59f-872e-412f-8189-21f9ff268fb7"}}
{"__type":"$$EventMessageConfirm","confirm":"4e094950-57ab-4474-b73f-da89a119073a","ts":"2025-07-23T06:54:24.058-04:00","source":{"id":"0","name":"eventBus"}}
{"__type":"$$EventMessageNode","id":"1251eb7b-0a53-4db5-94ec-9d51a1167f21","ts":"2025-07-23T06:54:24.058-04:00","eventName":"n8n.node.finished","message":"n8n.node.finished","payload":{"workflowId":"QDnUCputbdnQ56Kp","workflowName":"UTILS - Consulta telemetría ThingsBoard","executionId":"420","nodeType":"n8n-nodes-base.set","nodeName":"Edit Fields","nodeId":"7b4ff59f-872e-412f-8189-21f9ff268fb7"}}
{"__type":"$$EventMessageConfirm","confirm":"1251eb7b-0a53-4db5-94ec-9d51a1167f21","ts":"2025-07-23T06:54:24.058-04:00","source":{"id":"0","name":"eventBus"}}
{"__type":"$$EventMessageNode","id":"b50c2c95-70c5-4fb1-abce-1c17e8801445","ts":"2025-07-23T06:54:24.059-04:00","eventName":"n8n.node.started","message":"n8n.node.started","payload":{"workflowId":"QDnUCputbdnQ56Kp","workflowName":"UTILS - Consulta telemetría ThingsBoard","executionId":"420","nodeType":"n8n-nodes-base.httpRequest","nodeName":"TOKEN","nodeId":"1c344310-a794-4b30-80ee-eede4aa8cca9"}}
{"__type":"$$EventMessageConfirm","confirm":"b50c2c95-70c5-4fb1-abce-1c17e8801445","ts":"2025-07-23T06:54:24.059-04:00","source":{"id":"0","name":"eventBus"}}
{"__type":"$$EventMessageNode","id":"90867507-4381-400f-aab4-2f368bacf260","ts":"2025-07-23T06:54:24.190-04:00","eventName":"n8n.node.finished","message":"n8n.node.finished","payload":{"workflowId":"QDnUCputbdnQ56Kp","workflowName":"UTILS - Consulta telemetría ThingsBoard","executionId":"420","nodeType":"n8n-nodes-base.httpRequest","nodeName":"TOKEN","nodeId":"1c344310-a794-4b30-80ee-eede4aa8cca9"}}
{"__type":"$$EventMessageConfirm","confirm":"90867507-4381-400f-aab4-2f368bacf260","ts":"2025-07-23T06:54:24.190-04:00","source":{"id":"0","name":"eventBus"}}
{"__type":"$$EventMessageNode","id":"3082d5e2-2850-476c-8685-ecb0005620c2","ts":"2025-07-23T06:54:24.190-04:00","eventName":"n8n.node.started","message":"n8n.node.started","payload":{"workflowId":"QDnUCputbdnQ56Kp","workflowName":"UTILS - Consulta telemetría ThingsBoard","executionId":"420","nodeType":"n8n-nodes-base.httpRequest","nodeName":"DEVICE ID","nodeId":"0d5438f5-73c8-448e-8050-6a8492fea582"}}
{"__type":"$$EventMessageConfirm","confirm":"3082d5e2-2850-476c-8685-ecb0005620c2","ts":"2025-07-23T06:54:24.190-04:00","source":{"id":"0","name":"eventBus"}}
{"__type":"$$EventMessageNode","id":"f2e63c8c-8847-4061-a393-f35175585e96","ts":"2025-07-23T06:54:24.201-04:00","eventName":"n8n.node.finished","message":"n8n.node.finished","payload":{"workflowId":"QDnUCputbdnQ56Kp","workflowName":"UTILS - Consulta telemetría ThingsBoard","executionId":"420","nodeType":"n8n-nodes-base.httpRequest","nodeName":"DEVICE ID","nodeId":"0d5438f5-73c8-448e-8050-6a8492fea582"}}
{"__type":"$$EventMessageConfirm","confirm":"f2e63c8c-8847-4061-a393-f35175585e96","ts":"2025-07-23T06:54:24.201-04:00","source":{"id":"0","name":"eventBus"}}
{"__type":"$$EventMessageNode","id":"04da0e95-beab-41bd-b5c1-eff17ae35df2","ts":"2025-07-23T06:54:24.201-04:00","eventName":"n8n.node.started","message":"n8n.node.started","payload":{"workflowId":"QDnUCputbdnQ56Kp","workflowName":"UTILS - Consulta telemetría ThingsBoard","executionId":"420","nodeType":"n8n-nodes-base.httpRequest","nodeName":"DEVICE KEYS","nodeId":"17ed22f9-d055-4e19-957b-da236f7355f0"}}
{"__type":"$$EventMessageConfirm","confirm":"04da0e95-beab-41bd-b5c1-eff17ae35df2","ts":"2025-07-23T06:54:24.201-04:00","source":{"id":"0","name":"eventBus"}}
{"__type":"$$EventMessageNode","id":"1bbbd2d8-2b65-431d-b5e9-5d8160ce8529","ts":"2025-07-23T06:54:24.217-04:00","eventName":"n8n.node.finished","message":"n8n.node.finished","payload":{"workflowId":"QDnUCputbdnQ56Kp","workflowName":"UTILS - Consulta telemetría ThingsBoard","executionId":"420","nodeType":"n8n-nodes-base.httpRequest","nodeName":"DEVICE KEYS","nodeId":"17ed22f9-d055-4e19-957b-da236f7355f0"}}
{"__type":"$$EventMessageConfirm","confirm":"1bbbd2d8-2b65-431d-b5e9-5d8160ce8529","ts":"2025-07-23T06:54:24.217-04:00","source":{"id":"0","name":"eventBus"}}
{"__type":"$$EventMessageNode","id":"8fa826b7-7290-4815-8420-c66eb378971a","ts":"2025-07-23T06:54:24.217-04:00","eventName":"n8n.node.started","message":"n8n.node.started","payload":{"workflowId":"QDnUCputbdnQ56Kp","workflowName":"UTILS - Consulta telemetría ThingsBoard","executionId":"420","nodeType":"n8n-nodes-base.code","nodeName":"Keys list to string","nodeId":"d05612e3-c474-4a70-a627-69d17b8cfc3f"}}
{"__type":"$$EventMessageConfirm","confirm":"8fa826b7-7290-4815-8420-c66eb378971a","ts":"2025-07-23T06:54:24.217-04:00","source":{"id":"0","name":"eventBus"}}
{"__type":"$$EventMessageNode","id":"365712dc-9849-4f3a-8083-ff0f84a50fdd","ts":"2025-07-23T06:54:24.221-04:00","eventName":"n8n.node.finished","message":"n8n.node.finished","payload":{"workflowId":"QDnUCputbdnQ56Kp","workflowName":"UTILS - Consulta telemetría ThingsBoard","executionId":"420","nodeType":"n8n-nodes-base.code","nodeName":"Keys list to string","nodeId":"d05612e3-c474-4a70-a627-69d17b8cfc3f"}}
{"__type":"$$EventMessageConfirm","confirm":"365712dc-9849-4f3a-8083-ff0f84a50fdd","ts":"2025-07-23T06:54:24.221-04:00","source":{"id":"0","name":"eventBus"}}
{"__type":"$$EventMessageNode","id":"96b933ec-97b9-4284-95ce-23f56ce8e16d","ts":"2025-07-23T06:54:24.222-04:00","eventName":"n8n.node.started","message":"n8n.node.started","payload":{"workflowId":"QDnUCputbdnQ56Kp","workflowName":"UTILS - Consulta telemetría ThingsBoard","executionId":"420","nodeType":"n8n-nodes-base.httpRequest","nodeName":"TELEMETRY","nodeId":"465384c6-53f4-4a79-90f7-a7add52e306c"}}
{"__type":"$$EventMessageConfirm","confirm":"96b933ec-97b9-4284-95ce-23f56ce8e16d","ts":"2025-07-23T06:54:24.222-04:00","source":{"id":"0","name":"eventBus"}}
{"__type":"$$EventMessageNode","id":"70ea2037-a02c-453b-8e9f-785915b7d723","ts":"2025-07-23T06:54:24.247-04:00","eventName":"n8n.node.finished","message":"n8n.node.finished","payload":{"workflowId":"QDnUCputbdnQ56Kp","workflowName":"UTILS - Consulta telemetría ThingsBoard","executionId":"420","nodeType":"n8n-nodes-base.httpRequest","nodeName":"TELEMETRY","nodeId":"465384c6-53f4-4a79-90f7-a7add52e306c"}}
{"__type":"$$EventMessageConfirm","confirm":"70ea2037-a02c-453b-8e9f-785915b7d723","ts":"2025-07-23T06:54:24.248-04:00","source":{"id":"0","name":"eventBus"}}
{"__type":"$$EventMessageWorkflow","id":"d43507e0-c4da-41c0-b2f7-6e84f512f5a1","ts":"2025-07-23T06:54:24.248-04:00","eventName":"n8n.workflow.success","message":"n8n.workflow.success","payload":{"userId":"f55a37bb-3c2c-4b89-a9ee-cfc1ed810595","executionId":"420","success":true,"isManual":false,"workflowId":"QDnUCputbdnQ56Kp","workflowName":"UTILS - Consulta telemetría ThingsBoard"}}
{"__type":"$$EventMessageConfirm","confirm":"d43507e0-c4da-41c0-b2f7-6e84f512f5a1","ts":"2025-07-23T06:54:24.248-04:00","source":{"id":"0","name":"eventBus"}}
{"__type":"$$EventMessageNode","id":"aace5740-653e-4991-b869-ae9a23f1c074","ts":"2025-07-23T06:54:24.274-04:00","eventName":"n8n.node.finished","message":"n8n.node.finished","payload":{"workflowId":"bMamz7Z46I3VUwq9","workflowName":"My workflow","executionId":"419","nodeType":"n8n-nodes-base.executeWorkflow","nodeName":"Execute Workflow","nodeId":"2fae4bb1-1c35-4ae8-926a-dbf09ea5d23f"}}
{"__type":"$$EventMessageConfirm","confirm":"aace5740-653e-4991-b869-ae9a23f1c074","ts":"2025-07-23T06:54:24.274-04:00","source":{"id":"0","name":"eventBus"}}
{"__type":"$$EventMessageWorkflow","id":"b724f6ce-2d42-4359-9abd-f03398ca4922","ts":"2025-07-23T06:54:24.276-04:00","eventName":"n8n.workflow.success","message":"n8n.workflow.success","payload":{"userId":"f55a37bb-3c2c-4b89-a9ee-cfc1ed810595","executionId":"419","success":true,"isManual":true,"workflowId":"bMamz7Z46I3VUwq9","workflowName":"My workflow"}}
{"__type":"$$EventMessageConfirm","confirm":"b724f6ce-2d42-4359-9abd-f03398ca4922","ts":"2025-07-23T06:54:24.276-04:00","source":{"id":"0","name":"eventBus"}}
{"__type":"$$EventMessageWorkflow","id":"8a665a08-d6d8-4097-9115-2bb7023921ae","ts":"2025-07-23T06:54:28.302-04:00","eventName":"n8n.workflow.failed","message":"n8n.workflow.failed","payload":{"userId":"f55a37bb-3c2c-4b89-a9ee-cfc1ed810595","executionId":"421","success":false,"isManual":true,"workflowId":"bMamz7Z46I3VUwq9","workflowName":"My workflow","errorMessage":"Connect a trigger to run this node"}}
{"__type":"$$EventMessageConfirm","confirm":"8a665a08-d6d8-4097-9115-2bb7023921ae","ts":"2025-07-23T06:54:28.302-04:00","source":{"id":"0","name":"eventBus"}}
{"__type":"$$EventMessageAudit","id":"77c555ca-d5f6-4af4-8e0c-4700ae45e533","ts":"2025-07-23T07:01:01.651-04:00","eventName":"n8n.audit.workflow.updated","message":"n8n.audit.workflow.updated","payload":{"userId":"f55a37bb-3c2c-4b89-a9ee-cfc1ed810595","_email":"jesus.pardo@airtrace.io","_firstName":"Jesus","_lastName":"Pardo Alvarez","globalRole":"global:owner","workflowId":"QDnUCputbdnQ56Kp","workflowName":"UTILS - Consulta telemetría ThingsBoard"}}
{"__type":"$$EventMessageConfirm","confirm":"77c555ca-d5f6-4af4-8e0c-4700ae45e533","ts":"2025-07-23T07:01:01.651-04:00","source":{"id":"0","name":"eventBus"}}
{"__type":"$$EventMessageAudit","id":"17bd42ba-c161-405c-9c74-406936e9b3d0","ts":"2025-07-23T07:01:50.984-04:00","eventName":"n8n.audit.workflow.updated","message":"n8n.audit.workflow.updated","payload":{"userId":"f55a37bb-3c2c-4b89-a9ee-cfc1ed810595","_email":"jesus.pardo@airtrace.io","_firstName":"Jesus","_lastName":"Pardo Alvarez","globalRole":"global:owner","workflowId":"QDnUCputbdnQ56Kp","workflowName":"UTILS - Consulta telemetría ThingsBoard"}}
{"__type":"$$EventMessageConfirm","confirm":"17bd42ba-c161-405c-9c74-406936e9b3d0","ts":"2025-07-23T07:01:50.984-04:00","source":{"id":"0","name":"eventBus"}}
{"__type":"$$EventMessageWorkflow","id":"59826572-6ff5-4ef9-866e-f3540063ebc5","ts":"2025-07-23T07:02:03.711-04:00","eventName":"n8n.workflow.started","message":"n8n.workflow.started","payload":{"executionId":"422","workflowId":"QDnUCputbdnQ56Kp","isManual":false,"workflowName":"UTILS - Consulta telemetría ThingsBoard"}}
{"__type":"$$EventMessageConfirm","confirm":"59826572-6ff5-4ef9-866e-f3540063ebc5","ts":"2025-07-23T07:02:03.711-04:00","source":{"id":"0","name":"eventBus"}}
{"__type":"$$EventMessageNode","id":"635aa30d-bac8-42e1-9287-2d47a76a2a26","ts":"2025-07-23T07:02:03.711-04:00","eventName":"n8n.node.started","message":"n8n.node.started","payload":{"workflowId":"QDnUCputbdnQ56Kp","workflowName":"UTILS - Consulta telemetría ThingsBoard","executionId":"422","nodeType":"n8n-nodes-base.executeWorkflowTrigger","nodeName":"When Executed by Another Workflow","nodeId":"6359df3b-9504-4cb6-9fd8-2b92351eb605"}}
{"__type":"$$EventMessageConfirm","confirm":"635aa30d-bac8-42e1-9287-2d47a76a2a26","ts":"2025-07-23T07:02:03.711-04:00","source":{"id":"0","name":"eventBus"}}
{"__type":"$$EventMessageNode","id":"d9ff6f30-93d9-4cdb-859f-4672392247df","ts":"2025-07-23T07:02:03.714-04:00","eventName":"n8n.node.finished","message":"n8n.node.finished","payload":{"workflowId":"QDnUCputbdnQ56Kp","workflowName":"UTILS - Consulta telemetría ThingsBoard","executionId":"422","nodeType":"n8n-nodes-base.executeWorkflowTrigger","nodeName":"When Executed by Another Workflow","nodeId":"6359df3b-9504-4cb6-9fd8-2b92351eb605"}}
{"__type":"$$EventMessageConfirm","confirm":"d9ff6f30-93d9-4cdb-859f-4672392247df","ts":"2025-07-23T07:02:03.714-04:00","source":{"id":"0","name":"eventBus"}}
{"__type":"$$EventMessageNode","id":"f3cd006a-4c3f-46df-b008-a62552770750","ts":"2025-07-23T07:02:03.714-04:00","eventName":"n8n.node.started","message":"n8n.node.started","payload":{"workflowId":"QDnUCputbdnQ56Kp","workflowName":"UTILS - Consulta telemetría ThingsBoard","executionId":"422","nodeType":"n8n-nodes-base.set","nodeName":"Edit Fields","nodeId":"7b4ff59f-872e-412f-8189-21f9ff268fb7"}}
{"__type":"$$EventMessageConfirm","confirm":"f3cd006a-4c3f-46df-b008-a62552770750","ts":"2025-07-23T07:02:03.714-04:00","source":{"id":"0","name":"eventBus"}}
{"__type":"$$EventMessageNode","id":"2fcd1e01-c565-4b53-bb55-8a168c7870fb","ts":"2025-07-23T07:02:03.715-04:00","eventName":"n8n.node.finished","message":"n8n.node.finished","payload":{"workflowId":"QDnUCputbdnQ56Kp","workflowName":"UTILS - Consulta telemetría ThingsBoard","executionId":"422","nodeType":"n8n-nodes-base.set","nodeName":"Edit Fields","nodeId":"7b4ff59f-872e-412f-8189-21f9ff268fb7"}}
{"__type":"$$EventMessageConfirm","confirm":"2fcd1e01-c565-4b53-bb55-8a168c7870fb","ts":"2025-07-23T07:02:03.715-04:00","source":{"id":"0","name":"eventBus"}}
{"__type":"$$EventMessageNode","id":"86a6e280-a9a8-4b0f-a494-a4950ffcf2f5","ts":"2025-07-23T07:02:03.715-04:00","eventName":"n8n.node.started","message":"n8n.node.started","payload":{"workflowId":"QDnUCputbdnQ56Kp","workflowName":"UTILS - Consulta telemetría ThingsBoard","executionId":"422","nodeType":"n8n-nodes-base.httpRequest","nodeName":"TOKEN","nodeId":"1c344310-a794-4b30-80ee-eede4aa8cca9"}}
{"__type":"$$EventMessageConfirm","confirm":"86a6e280-a9a8-4b0f-a494-a4950ffcf2f5","ts":"2025-07-23T07:02:03.715-04:00","source":{"id":"0","name":"eventBus"}}
{"__type":"$$EventMessageNode","id":"7213145c-38fd-46f3-9c86-dabc7f08c78a","ts":"2025-07-23T07:02:03.836-04:00","eventName":"n8n.node.finished","message":"n8n.node.finished","payload":{"workflowId":"QDnUCputbdnQ56Kp","workflowName":"UTILS - Consulta telemetría ThingsBoard","executionId":"422","nodeType":"n8n-nodes-base.httpRequest","nodeName":"TOKEN","nodeId":"1c344310-a794-4b30-80ee-eede4aa8cca9"}}
{"__type":"$$EventMessageConfirm","confirm":"7213145c-38fd-46f3-9c86-dabc7f08c78a","ts":"2025-07-23T07:02:03.836-04:00","source":{"id":"0","name":"eventBus"}}
{"__type":"$$EventMessageNode","id":"1a47266e-370d-4cbd-9dde-66042d3ee687","ts":"2025-07-23T07:02:03.836-04:00","eventName":"n8n.node.started","message":"n8n.node.started","payload":{"workflowId":"QDnUCputbdnQ56Kp","workflowName":"UTILS - Consulta telemetría ThingsBoard","executionId":"422","nodeType":"n8n-nodes-base.httpRequest","nodeName":"DEVICE ID","nodeId":"0d5438f5-73c8-448e-8050-6a8492fea582"}}
{"__type":"$$EventMessageConfirm","confirm":"1a47266e-370d-4cbd-9dde-66042d3ee687","ts":"2025-07-23T07:02:03.836-04:00","source":{"id":"0","name":"eventBus"}}
{"__type":"$$EventMessageNode","id":"e1ee1cea-5994-4311-b852-24b7743424f9","ts":"2025-07-23T07:02:03.845-04:00","eventName":"n8n.node.finished","message":"n8n.node.finished","payload":{"workflowId":"QDnUCputbdnQ56Kp","workflowName":"UTILS - Consulta telemetría ThingsBoard","executionId":"422","nodeType":"n8n-nodes-base.httpRequest","nodeName":"DEVICE ID","nodeId":"0d5438f5-73c8-448e-8050-6a8492fea582"}}
{"__type":"$$EventMessageConfirm","confirm":"e1ee1cea-5994-4311-b852-24b7743424f9","ts":"2025-07-23T07:02:03.845-04:00","source":{"id":"0","name":"eventBus"}}
{"__type":"$$EventMessageNode","id":"6e55f7ff-7049-40f2-8631-590fb645ce86","ts":"2025-07-23T07:02:03.845-04:00","eventName":"n8n.node.started","message":"n8n.node.started","payload":{"workflowId":"QDnUCputbdnQ56Kp","workflowName":"UTILS - Consulta telemetría ThingsBoard","executionId":"422","nodeType":"n8n-nodes-base.httpRequest","nodeName":"DEVICE KEYS","nodeId":"17ed22f9-d055-4e19-957b-da236f7355f0"}}
{"__type":"$$EventMessageConfirm","confirm":"6e55f7ff-7049-40f2-8631-590fb645ce86","ts":"2025-07-23T07:02:03.845-04:00","source":{"id":"0","name":"eventBus"}}
{"__type":"$$EventMessageNode","id":"e630af8e-7a0a-43d6-a45b-df80ceed2e7b","ts":"2025-07-23T07:02:03.859-04:00","eventName":"n8n.node.finished","message":"n8n.node.finished","payload":{"workflowId":"QDnUCputbdnQ56Kp","workflowName":"UTILS - Consulta telemetría ThingsBoard","executionId":"422","nodeType":"n8n-nodes-base.httpRequest","nodeName":"DEVICE KEYS","nodeId":"17ed22f9-d055-4e19-957b-da236f7355f0"}}
{"__type":"$$EventMessageConfirm","confirm":"e630af8e-7a0a-43d6-a45b-df80ceed2e7b","ts":"2025-07-23T07:02:03.859-04:00","source":{"id":"0","name":"eventBus"}}
{"__type":"$$EventMessageNode","id":"74963bf0-a686-4d5a-acc3-bd8fb74a6c2a","ts":"2025-07-23T07:02:03.859-04:00","eventName":"n8n.node.started","message":"n8n.node.started","payload":{"workflowId":"QDnUCputbdnQ56Kp","workflowName":"UTILS - Consulta telemetría ThingsBoard","executionId":"422","nodeType":"n8n-nodes-base.code","nodeName":"Keys list to string","nodeId":"d05612e3-c474-4a70-a627-69d17b8cfc3f"}}
{"__type":"$$EventMessageConfirm","confirm":"74963bf0-a686-4d5a-acc3-bd8fb74a6c2a","ts":"2025-07-23T07:02:03.859-04:00","source":{"id":"0","name":"eventBus"}}
{"__type":"$$EventMessageNode","id":"428c9d2f-d1d9-423f-ac3d-d61c99e11d4e","ts":"2025-07-23T07:02:03.863-04:00","eventName":"n8n.node.finished","message":"n8n.node.finished","payload":{"workflowId":"QDnUCputbdnQ56Kp","workflowName":"UTILS - Consulta telemetría ThingsBoard","executionId":"422","nodeType":"n8n-nodes-base.code","nodeName":"Keys list to string","nodeId":"d05612e3-c474-4a70-a627-69d17b8cfc3f"}}
{"__type":"$$EventMessageConfirm","confirm":"428c9d2f-d1d9-423f-ac3d-d61c99e11d4e","ts":"2025-07-23T07:02:03.863-04:00","source":{"id":"0","name":"eventBus"}}
{"__type":"$$EventMessageNode","id":"f31c3b7b-6120-4462-b6d5-8bf181b7da54","ts":"2025-07-23T07:02:03.863-04:00","eventName":"n8n.node.started","message":"n8n.node.started","payload":{"workflowId":"QDnUCputbdnQ56Kp","workflowName":"UTILS - Consulta telemetría ThingsBoard","executionId":"422","nodeType":"n8n-nodes-base.httpRequest","nodeName":"TELEMETRY","nodeId":"465384c6-53f4-4a79-90f7-a7add52e306c"}}
{"__type":"$$EventMessageConfirm","confirm":"f31c3b7b-6120-4462-b6d5-8bf181b7da54","ts":"2025-07-23T07:02:03.863-04:00","source":{"id":"0","name":"eventBus"}}
{"__type":"$$EventMessageNode","id":"b90c112c-8cce-4cda-b0b8-26a608a98e08","ts":"2025-07-23T07:02:03.928-04:00","eventName":"n8n.node.finished","message":"n8n.node.finished","payload":{"workflowId":"QDnUCputbdnQ56Kp","workflowName":"UTILS - Consulta telemetría ThingsBoard","executionId":"422","nodeType":"n8n-nodes-base.httpRequest","nodeName":"TELEMETRY","nodeId":"465384c6-53f4-4a79-90f7-a7add52e306c"}}
{"__type":"$$EventMessageConfirm","confirm":"b90c112c-8cce-4cda-b0b8-26a608a98e08","ts":"2025-07-23T07:02:03.928-04:00","source":{"id":"0","name":"eventBus"}}
{"__type":"$$EventMessageWorkflow","id":"ae0f50b2-319a-4a65-8f01-7e1b58ecb056","ts":"2025-07-23T07:02:03.930-04:00","eventName":"n8n.workflow.success","message":"n8n.workflow.success","payload":{"userId":"f55a37bb-3c2c-4b89-a9ee-cfc1ed810595","executionId":"422","success":true,"isManual":true,"workflowId":"QDnUCputbdnQ56Kp","workflowName":"UTILS - Consulta telemetría ThingsBoard"}}
{"__type":"$$EventMessageConfirm","confirm":"ae0f50b2-319a-4a65-8f01-7e1b58ecb056","ts":"2025-07-23T07:02:03.930-04:00","source":{"id":"0","name":"eventBus"}}
{"__type":"$$EventMessageWorkflow","id":"877fd656-b70d-447b-8424-463e33b927f1","ts":"2025-07-23T07:05:32.745-04:00","eventName":"n8n.workflow.started","message":"n8n.workflow.started","payload":{"executionId":"423","workflowId":"bMamz7Z46I3VUwq9","isManual":false,"workflowName":"My workflow"}}
{"__type":"$$EventMessageConfirm","confirm":"877fd656-b70d-447b-8424-463e33b927f1","ts":"2025-07-23T07:05:32.745-04:00","source":{"id":"0","name":"eventBus"}}
{"__type":"$$EventMessageNode","id":"49544fd6-a31e-49e7-be21-6c1b7e794286","ts":"2025-07-23T07:05:32.746-04:00","eventName":"n8n.node.started","message":"n8n.node.started","payload":{"workflowId":"bMamz7Z46I3VUwq9","workflowName":"My workflow","executionId":"423","nodeType":"n8n-nodes-base.set","nodeName":"Edit Fields","nodeId":"71f3f50d-a6cc-4fc9-9cb2-81d866265c22"}}
{"__type":"$$EventMessageConfirm","confirm":"49544fd6-a31e-49e7-be21-6c1b7e794286","ts":"2025-07-23T07:05:32.746-04:00","source":{"id":"0","name":"eventBus"}}
{"__type":"$$EventMessageNode","id":"826a9204-7727-4f12-bfeb-954d78c59873","ts":"2025-07-23T07:05:32.747-04:00","eventName":"n8n.node.finished","message":"n8n.node.finished","payload":{"workflowId":"bMamz7Z46I3VUwq9","workflowName":"My workflow","executionId":"423","nodeType":"n8n-nodes-base.set","nodeName":"Edit Fields","nodeId":"71f3f50d-a6cc-4fc9-9cb2-81d866265c22"}}
{"__type":"$$EventMessageConfirm","confirm":"826a9204-7727-4f12-bfeb-954d78c59873","ts":"2025-07-23T07:05:32.747-04:00","source":{"id":"0","name":"eventBus"}}
{"__type":"$$EventMessageWorkflow","id":"852b91fc-e0e1-4f66-b24f-eb8ed64dd316","ts":"2025-07-23T07:05:32.748-04:00","eventName":"n8n.workflow.success","message":"n8n.workflow.success","payload":{"userId":"f55a37bb-3c2c-4b89-a9ee-cfc1ed810595","executionId":"423","success":true,"isManual":true,"workflowId":"bMamz7Z46I3VUwq9","workflowName":"My workflow"}}
{"__type":"$$EventMessageConfirm","confirm":"852b91fc-e0e1-4f66-b24f-eb8ed64dd316","ts":"2025-07-23T07:05:32.748-04:00","source":{"id":"0","name":"eventBus"}}
{"__type":"$$EventMessageWorkflow","id":"ceb11e5e-ea54-46f1-82fb-6818f0d66807","ts":"2025-07-23T07:05:34.442-04:00","eventName":"n8n.workflow.failed","message":"n8n.workflow.failed","payload":{"userId":"f55a37bb-3c2c-4b89-a9ee-cfc1ed810595","executionId":"424","success":false,"isManual":true,"workflowId":"bMamz7Z46I3VUwq9","workflowName":"My workflow","errorMessage":"Connect a trigger to run this node"}}
{"__type":"$$EventMessageConfirm","confirm":"ceb11e5e-ea54-46f1-82fb-6818f0d66807","ts":"2025-07-23T07:05:34.442-04:00","source":{"id":"0","name":"eventBus"}}
{"__type":"$$EventMessageWorkflow","id":"b68cf3b9-8b11-4ec5-b6c6-23464549016e","ts":"2025-07-23T07:05:38.967-04:00","eventName":"n8n.workflow.started","message":"n8n.workflow.started","payload":{"executionId":"425","workflowId":"bMamz7Z46I3VUwq9","isManual":false,"workflowName":"My workflow"}}
{"__type":"$$EventMessageConfirm","confirm":"b68cf3b9-8b11-4ec5-b6c6-23464549016e","ts":"2025-07-23T07:05:38.967-04:00","source":{"id":"0","name":"eventBus"}}
{"__type":"$$EventMessageNode","id":"12e4d9a2-8849-401a-90a3-b479c8b66675","ts":"2025-07-23T07:05:38.968-04:00","eventName":"n8n.node.started","message":"n8n.node.started","payload":{"workflowId":"bMamz7Z46I3VUwq9","workflowName":"My workflow","executionId":"425","nodeType":"n8n-nodes-base.set","nodeName":"Edit Fields","nodeId":"71f3f50d-a6cc-4fc9-9cb2-81d866265c22"}}
{"__type":"$$EventMessageConfirm","confirm":"12e4d9a2-8849-401a-90a3-b479c8b66675","ts":"2025-07-23T07:05:38.968-04:00","source":{"id":"0","name":"eventBus"}}
{"__type":"$$EventMessageNode","id":"3eb3c684-5e42-461e-a569-6b216e2b6b12","ts":"2025-07-23T07:05:38.968-04:00","eventName":"n8n.node.finished","message":"n8n.node.finished","payload":{"workflowId":"bMamz7Z46I3VUwq9","workflowName":"My workflow","executionId":"425","nodeType":"n8n-nodes-base.set","nodeName":"Edit Fields","nodeId":"71f3f50d-a6cc-4fc9-9cb2-81d866265c22"}}
{"__type":"$$EventMessageConfirm","confirm":"3eb3c684-5e42-461e-a569-6b216e2b6b12","ts":"2025-07-23T07:05:38.968-04:00","source":{"id":"0","name":"eventBus"}}
{"__type":"$$EventMessageNode","id":"c4beb13b-3fe2-4446-abeb-43abf7667eac","ts":"2025-07-23T07:05:38.969-04:00","eventName":"n8n.node.started","message":"n8n.node.started","payload":{"workflowId":"bMamz7Z46I3VUwq9","workflowName":"My workflow","executionId":"425","nodeType":"n8n-nodes-base.executeWorkflow","nodeName":"Execute Workflow","nodeId":"2fae4bb1-1c35-4ae8-926a-dbf09ea5d23f"}}
{"__type":"$$EventMessageConfirm","confirm":"c4beb13b-3fe2-4446-abeb-43abf7667eac","ts":"2025-07-23T07:05:38.969-04:00","source":{"id":"0","name":"eventBus"}}
{"__type":"$$EventMessageWorkflow","id":"900ec0d6-2d2b-44dd-9261-7f2bd3b57d34","ts":"2025-07-23T07:05:39.020-04:00","eventName":"n8n.workflow.started","message":"n8n.workflow.started","payload":{"executionId":"426","workflowId":"QDnUCputbdnQ56Kp","isManual":false,"workflowName":"UTILS - Consulta telemetría ThingsBoard"}}
{"__type":"$$EventMessageConfirm","confirm":"900ec0d6-2d2b-44dd-9261-7f2bd3b57d34","ts":"2025-07-23T07:05:39.020-04:00","source":{"id":"0","name":"eventBus"}}
{"__type":"$$EventMessageNode","id":"62ed954b-e41b-4ad9-8c44-bdac62be6608","ts":"2025-07-23T07:05:39.021-04:00","eventName":"n8n.node.started","message":"n8n.node.started","payload":{"workflowId":"QDnUCputbdnQ56Kp","workflowName":"UTILS - Consulta telemetría ThingsBoard","executionId":"426","nodeType":"n8n-nodes-base.executeWorkflowTrigger","nodeName":"When Executed by Another Workflow","nodeId":"6359df3b-9504-4cb6-9fd8-2b92351eb605"}}
{"__type":"$$EventMessageConfirm","confirm":"62ed954b-e41b-4ad9-8c44-bdac62be6608","ts":"2025-07-23T07:05:39.021-04:00","source":{"id":"0","name":"eventBus"}}
{"__type":"$$EventMessageNode","id":"8dace6cd-83b0-4f1c-9a97-228f1575a323","ts":"2025-07-23T07:05:39.021-04:00","eventName":"n8n.node.finished","message":"n8n.node.finished","payload":{"workflowId":"QDnUCputbdnQ56Kp","workflowName":"UTILS - Consulta telemetría ThingsBoard","executionId":"426","nodeType":"n8n-nodes-base.executeWorkflowTrigger","nodeName":"When Executed by Another Workflow","nodeId":"6359df3b-9504-4cb6-9fd8-2b92351eb605"}}
{"__type":"$$EventMessageConfirm","confirm":"8dace6cd-83b0-4f1c-9a97-228f1575a323","ts":"2025-07-23T07:05:39.022-04:00","source":{"id":"0","name":"eventBus"}}
{"__type":"$$EventMessageNode","id":"2ffda327-0919-45f4-b175-5593b65a92db","ts":"2025-07-23T07:05:39.022-04:00","eventName":"n8n.node.started","message":"n8n.node.started","payload":{"workflowId":"QDnUCputbdnQ56Kp","workflowName":"UTILS - Consulta telemetría ThingsBoard","executionId":"426","nodeType":"n8n-nodes-base.set","nodeName":"Edit Fields","nodeId":"7b4ff59f-872e-412f-8189-21f9ff268fb7"}}
{"__type":"$$EventMessageConfirm","confirm":"2ffda327-0919-45f4-b175-5593b65a92db","ts":"2025-07-23T07:05:39.022-04:00","source":{"id":"0","name":"eventBus"}}
{"__type":"$$EventMessageNode","id":"04fb307b-fae2-44c8-8bcc-7d2c3efdec9f","ts":"2025-07-23T07:05:39.023-04:00","eventName":"n8n.node.finished","message":"n8n.node.finished","payload":{"workflowId":"QDnUCputbdnQ56Kp","workflowName":"UTILS - Consulta telemetría ThingsBoard","executionId":"426","nodeType":"n8n-nodes-base.set","nodeName":"Edit Fields","nodeId":"7b4ff59f-872e-412f-8189-21f9ff268fb7"}}
{"__type":"$$EventMessageConfirm","confirm":"04fb307b-fae2-44c8-8bcc-7d2c3efdec9f","ts":"2025-07-23T07:05:39.023-04:00","source":{"id":"0","name":"eventBus"}}
{"__type":"$$EventMessageNode","id":"b84be421-d9ea-46a0-92d5-be10f30a51da","ts":"2025-07-23T07:05:39.023-04:00","eventName":"n8n.node.started","message":"n8n.node.started","payload":{"workflowId":"QDnUCputbdnQ56Kp","workflowName":"UTILS - Consulta telemetría ThingsBoard","executionId":"426","nodeType":"n8n-nodes-base.httpRequest","nodeName":"TOKEN","nodeId":"1c344310-a794-4b30-80ee-eede4aa8cca9"}}
{"__type":"$$EventMessageConfirm","confirm":"b84be421-d9ea-46a0-92d5-be10f30a51da","ts":"2025-07-23T07:05:39.024-04:00","source":{"id":"0","name":"eventBus"}}
{"__type":"$$EventMessageNode","id":"a0c2e2cd-a918-4f30-9e22-24d917d3cf4c","ts":"2025-07-23T07:05:39.122-04:00","eventName":"n8n.node.finished","message":"n8n.node.finished","payload":{"workflowId":"QDnUCputbdnQ56Kp","workflowName":"UTILS - Consulta telemetría ThingsBoard","executionId":"426","nodeType":"n8n-nodes-base.httpRequest","nodeName":"TOKEN","nodeId":"1c344310-a794-4b30-80ee-eede4aa8cca9"}}
{"__type":"$$EventMessageConfirm","confirm":"a0c2e2cd-a918-4f30-9e22-24d917d3cf4c","ts":"2025-07-23T07:05:39.122-04:00","source":{"id":"0","name":"eventBus"}}
{"__type":"$$EventMessageNode","id":"c680cbbf-929b-4d5f-96b2-6599a1ae4d37","ts":"2025-07-23T07:05:39.122-04:00","eventName":"n8n.node.started","message":"n8n.node.started","payload":{"workflowId":"QDnUCputbdnQ56Kp","workflowName":"UTILS - Consulta telemetría ThingsBoard","executionId":"426","nodeType":"n8n-nodes-base.httpRequest","nodeName":"DEVICE ID","nodeId":"0d5438f5-73c8-448e-8050-6a8492fea582"}}
{"__type":"$$EventMessageConfirm","confirm":"c680cbbf-929b-4d5f-96b2-6599a1ae4d37","ts":"2025-07-23T07:05:39.122-04:00","source":{"id":"0","name":"eventBus"}}
{"__type":"$$EventMessageNode","id":"e5c15b3e-8c28-4265-bb4e-b17b433ed573","ts":"2025-07-23T07:05:39.130-04:00","eventName":"n8n.node.finished","message":"n8n.node.finished","payload":{"workflowId":"QDnUCputbdnQ56Kp","workflowName":"UTILS - Consulta telemetría ThingsBoard","executionId":"426","nodeType":"n8n-nodes-base.httpRequest","nodeName":"DEVICE ID","nodeId":"0d5438f5-73c8-448e-8050-6a8492fea582"}}
{"__type":"$$EventMessageConfirm","confirm":"e5c15b3e-8c28-4265-bb4e-b17b433ed573","ts":"2025-07-23T07:05:39.130-04:00","source":{"id":"0","name":"eventBus"}}
{"__type":"$$EventMessageNode","id":"1411cce3-c08d-4291-945f-bccf22a7b571","ts":"2025-07-23T07:05:39.130-04:00","eventName":"n8n.node.started","message":"n8n.node.started","payload":{"workflowId":"QDnUCputbdnQ56Kp","workflowName":"UTILS - Consulta telemetría ThingsBoard","executionId":"426","nodeType":"n8n-nodes-base.httpRequest","nodeName":"DEVICE KEYS","nodeId":"17ed22f9-d055-4e19-957b-da236f7355f0"}}
{"__type":"$$EventMessageConfirm","confirm":"1411cce3-c08d-4291-945f-bccf22a7b571","ts":"2025-07-23T07:05:39.130-04:00","source":{"id":"0","name":"eventBus"}}
{"__type":"$$EventMessageNode","id":"ee7464d5-fa10-405d-8cb4-7fd59ad9e435","ts":"2025-07-23T07:05:39.143-04:00","eventName":"n8n.node.finished","message":"n8n.node.finished","payload":{"workflowId":"QDnUCputbdnQ56Kp","workflowName":"UTILS - Consulta telemetría ThingsBoard","executionId":"426","nodeType":"n8n-nodes-base.httpRequest","nodeName":"DEVICE KEYS","nodeId":"17ed22f9-d055-4e19-957b-da236f7355f0"}}
{"__type":"$$EventMessageConfirm","confirm":"ee7464d5-fa10-405d-8cb4-7fd59ad9e435","ts":"2025-07-23T07:05:39.144-04:00","source":{"id":"0","name":"eventBus"}}
{"__type":"$$EventMessageNode","id":"de0959d4-1588-48b4-8283-b88fdaba7dd4","ts":"2025-07-23T07:05:39.144-04:00","eventName":"n8n.node.started","message":"n8n.node.started","payload":{"workflowId":"QDnUCputbdnQ56Kp","workflowName":"UTILS - Consulta telemetría ThingsBoard","executionId":"426","nodeType":"n8n-nodes-base.code","nodeName":"Keys list to string","nodeId":"d05612e3-c474-4a70-a627-69d17b8cfc3f"}}
{"__type":"$$EventMessageConfirm","confirm":"de0959d4-1588-48b4-8283-b88fdaba7dd4","ts":"2025-07-23T07:05:39.144-04:00","source":{"id":"0","name":"eventBus"}}
{"__type":"$$EventMessageNode","id":"560d4b20-c803-4c03-a2bb-ec0337eeb3d1","ts":"2025-07-23T07:05:39.147-04:00","eventName":"n8n.node.finished","message":"n8n.node.finished","payload":{"workflowId":"QDnUCputbdnQ56Kp","workflowName":"UTILS - Consulta telemetría ThingsBoard","executionId":"426","nodeType":"n8n-nodes-base.code","nodeName":"Keys list to string","nodeId":"d05612e3-c474-4a70-a627-69d17b8cfc3f"}}
{"__type":"$$EventMessageConfirm","confirm":"560d4b20-c803-4c03-a2bb-ec0337eeb3d1","ts":"2025-07-23T07:05:39.147-04:00","source":{"id":"0","name":"eventBus"}}
{"__type":"$$EventMessageNode","id":"f67d03b1-a01d-4bd3-8da4-12658dfb1eb4","ts":"2025-07-23T07:05:39.147-04:00","eventName":"n8n.node.started","message":"n8n.node.started","payload":{"workflowId":"QDnUCputbdnQ56Kp","workflowName":"UTILS - Consulta telemetría ThingsBoard","executionId":"426","nodeType":"n8n-nodes-base.httpRequest","nodeName":"TELEMETRY","nodeId":"465384c6-53f4-4a79-90f7-a7add52e306c"}}
{"__type":"$$EventMessageConfirm","confirm":"f67d03b1-a01d-4bd3-8da4-12658dfb1eb4","ts":"2025-07-23T07:05:39.147-04:00","source":{"id":"0","name":"eventBus"}}
{"__type":"$$EventMessageNode","id":"f3719e02-1ee8-4e76-9ae0-e026db99463b","ts":"2025-07-23T07:05:39.165-04:00","eventName":"n8n.node.finished","message":"n8n.node.finished","payload":{"workflowId":"QDnUCputbdnQ56Kp","workflowName":"UTILS - Consulta telemetría ThingsBoard","executionId":"426","nodeType":"n8n-nodes-base.httpRequest","nodeName":"TELEMETRY","nodeId":"465384c6-53f4-4a79-90f7-a7add52e306c"}}
{"__type":"$$EventMessageConfirm","confirm":"f3719e02-1ee8-4e76-9ae0-e026db99463b","ts":"2025-07-23T07:05:39.165-04:00","source":{"id":"0","name":"eventBus"}}
{"__type":"$$EventMessageWorkflow","id":"366174a0-2464-4663-9b2c-402842f0d912","ts":"2025-07-23T07:05:39.165-04:00","eventName":"n8n.workflow.success","message":"n8n.workflow.success","payload":{"userId":"f55a37bb-3c2c-4b89-a9ee-cfc1ed810595","executionId":"426","success":true,"isManual":false,"workflowId":"QDnUCputbdnQ56Kp","workflowName":"UTILS - Consulta telemetría ThingsBoard"}}
{"__type":"$$EventMessageConfirm","confirm":"366174a0-2464-4663-9b2c-402842f0d912","ts":"2025-07-23T07:05:39.165-04:00","source":{"id":"0","name":"eventBus"}}
{"__type":"$$EventMessageNode","id":"81542455-ac6e-4a30-95bf-e4bc36a55e93","ts":"2025-07-23T07:05:39.201-04:00","eventName":"n8n.node.finished","message":"n8n.node.finished","payload":{"workflowId":"bMamz7Z46I3VUwq9","workflowName":"My workflow","executionId":"425","nodeType":"n8n-nodes-base.executeWorkflow","nodeName":"Execute Workflow","nodeId":"2fae4bb1-1c35-4ae8-926a-dbf09ea5d23f"}}
{"__type":"$$EventMessageConfirm","confirm":"81542455-ac6e-4a30-95bf-e4bc36a55e93","ts":"2025-07-23T07:05:39.201-04:00","source":{"id":"0","name":"eventBus"}}
{"__type":"$$EventMessageWorkflow","id":"96f7ae5d-a2e5-43ca-9538-35b7121fd52a","ts":"2025-07-23T07:05:39.203-04:00","eventName":"n8n.workflow.success","message":"n8n.workflow.success","payload":{"userId":"f55a37bb-3c2c-4b89-a9ee-cfc1ed810595","executionId":"425","success":true,"isManual":true,"workflowId":"bMamz7Z46I3VUwq9","workflowName":"My workflow"}}
{"__type":"$$EventMessageConfirm","confirm":"96f7ae5d-a2e5-43ca-9538-35b7121fd52a","ts":"2025-07-23T07:05:39.203-04:00","source":{"id":"0","name":"eventBus"}}
{"__type":"$$EventMessageWorkflow","id":"9d6cdcc6-677e-4c8c-8621-c7c6ec12caa6","ts":"2025-07-23T07:05:42.881-04:00","eventName":"n8n.workflow.failed","message":"n8n.workflow.failed","payload":{"userId":"f55a37bb-3c2c-4b89-a9ee-cfc1ed810595","executionId":"427","success":false,"isManual":true,"workflowId":"bMamz7Z46I3VUwq9","workflowName":"My workflow","errorMessage":"Connect a trigger to run this node"}}
{"__type":"$$EventMessageConfirm","confirm":"9d6cdcc6-677e-4c8c-8621-c7c6ec12caa6","ts":"2025-07-23T07:05:42.882-04:00","source":{"id":"0","name":"eventBus"}}
{"__type":"$$EventMessageAudit","id":"1d12d1e0-ce59-4e96-8688-833dffc5dc94","ts":"2025-07-23T07:08:01.252-04:00","eventName":"n8n.audit.workflow.updated","message":"n8n.audit.workflow.updated","payload":{"userId":"f55a37bb-3c2c-4b89-a9ee-cfc1ed810595","_email":"jesus.pardo@airtrace.io","_firstName":"Jesus","_lastName":"Pardo Alvarez","globalRole":"global:owner","workflowId":"bMamz7Z46I3VUwq9","workflowName":"My workflow"}}
{"__type":"$$EventMessageConfirm","confirm":"1d12d1e0-ce59-4e96-8688-833dffc5dc94","ts":"2025-07-23T07:08:01.252-04:00","source":{"id":"0","name":"eventBus"}}
{"__type":"$$EventMessageWorkflow","id":"677494e7-43cd-4d26-9bcd-b2eaff818e7d","ts":"2025-07-23T07:08:02.962-04:00","eventName":"n8n.workflow.started","message":"n8n.workflow.started","payload":{"executionId":"428","workflowId":"bMamz7Z46I3VUwq9","isManual":false,"workflowName":"My workflow"}}
{"__type":"$$EventMessageConfirm","confirm":"677494e7-43cd-4d26-9bcd-b2eaff818e7d","ts":"2025-07-23T07:08:02.962-04:00","source":{"id":"0","name":"eventBus"}}
{"__type":"$$EventMessageNode","id":"9567da75-02f4-4035-8bf4-e54291c214cc","ts":"2025-07-23T07:08:02.963-04:00","eventName":"n8n.node.started","message":"n8n.node.started","payload":{"workflowId":"bMamz7Z46I3VUwq9","workflowName":"My workflow","executionId":"428","nodeType":"n8n-nodes-base.manualTrigger","nodeName":"When clicking ‘Execute workflow’","nodeId":"a18d8dd5-33d8-4c45-b0fd-e32d4de10ae1"}}
{"__type":"$$EventMessageConfirm","confirm":"9567da75-02f4-4035-8bf4-e54291c214cc","ts":"2025-07-23T07:08:02.963-04:00","source":{"id":"0","name":"eventBus"}}
{"__type":"$$EventMessageNode","id":"c3e9ef3c-e21d-4c64-b136-d42a3096df79","ts":"2025-07-23T07:08:02.964-04:00","eventName":"n8n.node.finished","message":"n8n.node.finished","payload":{"workflowId":"bMamz7Z46I3VUwq9","workflowName":"My workflow","executionId":"428","nodeType":"n8n-nodes-base.manualTrigger","nodeName":"When clicking ‘Execute workflow’","nodeId":"a18d8dd5-33d8-4c45-b0fd-e32d4de10ae1"}}
{"__type":"$$EventMessageConfirm","confirm":"c3e9ef3c-e21d-4c64-b136-d42a3096df79","ts":"2025-07-23T07:08:02.964-04:00","source":{"id":"0","name":"eventBus"}}
{"__type":"$$EventMessageNode","id":"4e5380bb-6cd2-4929-94ba-4fab95328c56","ts":"2025-07-23T07:08:02.964-04:00","eventName":"n8n.node.started","message":"n8n.node.started","payload":{"workflowId":"bMamz7Z46I3VUwq9","workflowName":"My workflow","executionId":"428","nodeType":"n8n-nodes-base.set","nodeName":"Edit Fields","nodeId":"71f3f50d-a6cc-4fc9-9cb2-81d866265c22"}}
{"__type":"$$EventMessageConfirm","confirm":"4e5380bb-6cd2-4929-94ba-4fab95328c56","ts":"2025-07-23T07:08:02.964-04:00","source":{"id":"0","name":"eventBus"}}
{"__type":"$$EventMessageNode","id":"c90c4555-88af-462e-b386-d6e39042572a","ts":"2025-07-23T07:08:02.964-04:00","eventName":"n8n.node.finished","message":"n8n.node.finished","payload":{"workflowId":"bMamz7Z46I3VUwq9","workflowName":"My workflow","executionId":"428","nodeType":"n8n-nodes-base.set","nodeName":"Edit Fields","nodeId":"71f3f50d-a6cc-4fc9-9cb2-81d866265c22"}}
{"__type":"$$EventMessageConfirm","confirm":"c90c4555-88af-462e-b386-d6e39042572a","ts":"2025-07-23T07:08:02.964-04:00","source":{"id":"0","name":"eventBus"}}
{"__type":"$$EventMessageNode","id":"cb4db8a1-e663-420f-8796-615be53b686e","ts":"2025-07-23T07:08:02.964-04:00","eventName":"n8n.node.started","message":"n8n.node.started","payload":{"workflowId":"bMamz7Z46I3VUwq9","workflowName":"My workflow","executionId":"428","nodeType":"n8n-nodes-base.executeWorkflow","nodeName":"Execute Workflow","nodeId":"2fae4bb1-1c35-4ae8-926a-dbf09ea5d23f"}}
{"__type":"$$EventMessageConfirm","confirm":"cb4db8a1-e663-420f-8796-615be53b686e","ts":"2025-07-23T07:08:02.965-04:00","source":{"id":"0","name":"eventBus"}}
{"__type":"$$EventMessageWorkflow","id":"9aa5b08a-5040-4372-9836-95ca3fe18b58","ts":"2025-07-23T07:08:03.199-04:00","eventName":"n8n.workflow.started","message":"n8n.workflow.started","payload":{"executionId":"429","workflowId":"QDnUCputbdnQ56Kp","isManual":false,"workflowName":"UTILS - Consulta telemetría ThingsBoard"}}
{"__type":"$$EventMessageConfirm","confirm":"9aa5b08a-5040-4372-9836-95ca3fe18b58","ts":"2025-07-23T07:08:03.199-04:00","source":{"id":"0","name":"eventBus"}}
{"__type":"$$EventMessageNode","id":"115f0c91-9419-4a9c-a8fb-4a9fef0858d1","ts":"2025-07-23T07:08:03.199-04:00","eventName":"n8n.node.started","message":"n8n.node.started","payload":{"workflowId":"QDnUCputbdnQ56Kp","workflowName":"UTILS - Consulta telemetría ThingsBoard","executionId":"429","nodeType":"n8n-nodes-base.executeWorkflowTrigger","nodeName":"When Executed by Another Workflow","nodeId":"6359df3b-9504-4cb6-9fd8-2b92351eb605"}}
{"__type":"$$EventMessageConfirm","confirm":"115f0c91-9419-4a9c-a8fb-4a9fef0858d1","ts":"2025-07-23T07:08:03.199-04:00","source":{"id":"0","name":"eventBus"}}
{"__type":"$$EventMessageNode","id":"6b2efa7e-5468-44fd-b280-0b70fe7f628a","ts":"2025-07-23T07:08:03.200-04:00","eventName":"n8n.node.finished","message":"n8n.node.finished","payload":{"workflowId":"QDnUCputbdnQ56Kp","workflowName":"UTILS - Consulta telemetría ThingsBoard","executionId":"429","nodeType":"n8n-nodes-base.executeWorkflowTrigger","nodeName":"When Executed by Another Workflow","nodeId":"6359df3b-9504-4cb6-9fd8-2b92351eb605"}}
{"__type":"$$EventMessageConfirm","confirm":"6b2efa7e-5468-44fd-b280-0b70fe7f628a","ts":"2025-07-23T07:08:03.200-04:00","source":{"id":"0","name":"eventBus"}}
{"__type":"$$EventMessageNode","id":"9dbc3603-3edf-4583-b459-52c8d12f1bc1","ts":"2025-07-23T07:08:03.201-04:00","eventName":"n8n.node.started","message":"n8n.node.started","payload":{"workflowId":"QDnUCputbdnQ56Kp","workflowName":"UTILS - Consulta telemetría ThingsBoard","executionId":"429","nodeType":"n8n-nodes-base.set","nodeName":"Edit Fields","nodeId":"7b4ff59f-872e-412f-8189-21f9ff268fb7"}}
{"__type":"$$EventMessageConfirm","confirm":"9dbc3603-3edf-4583-b459-52c8d12f1bc1","ts":"2025-07-23T07:08:03.201-04:00","source":{"id":"0","name":"eventBus"}}
{"__type":"$$EventMessageNode","id":"a083ff00-6a40-4e15-a4af-cf5ffb8b6734","ts":"2025-07-23T07:08:03.202-04:00","eventName":"n8n.node.finished","message":"n8n.node.finished","payload":{"workflowId":"QDnUCputbdnQ56Kp","workflowName":"UTILS - Consulta telemetría ThingsBoard","executionId":"429","nodeType":"n8n-nodes-base.set","nodeName":"Edit Fields","nodeId":"7b4ff59f-872e-412f-8189-21f9ff268fb7"}}
{"__type":"$$EventMessageConfirm","confirm":"a083ff00-6a40-4e15-a4af-cf5ffb8b6734","ts":"2025-07-23T07:08:03.202-04:00","source":{"id":"0","name":"eventBus"}}
{"__type":"$$EventMessageNode","id":"187705af-e27c-4ca1-99f3-3c5cecdb407a","ts":"2025-07-23T07:08:03.202-04:00","eventName":"n8n.node.started","message":"n8n.node.started","payload":{"workflowId":"QDnUCputbdnQ56Kp","workflowName":"UTILS - Consulta telemetría ThingsBoard","executionId":"429","nodeType":"n8n-nodes-base.httpRequest","nodeName":"TOKEN","nodeId":"1c344310-a794-4b30-80ee-eede4aa8cca9"}}
{"__type":"$$EventMessageConfirm","confirm":"187705af-e27c-4ca1-99f3-3c5cecdb407a","ts":"2025-07-23T07:08:03.202-04:00","source":{"id":"0","name":"eventBus"}}
{"__type":"$$EventMessageNode","id":"4bfea329-9f37-4add-a77a-71ac0affa868","ts":"2025-07-23T07:08:03.297-04:00","eventName":"n8n.node.finished","message":"n8n.node.finished","payload":{"workflowId":"QDnUCputbdnQ56Kp","workflowName":"UTILS - Consulta telemetría ThingsBoard","executionId":"429","nodeType":"n8n-nodes-base.httpRequest","nodeName":"TOKEN","nodeId":"1c344310-a794-4b30-80ee-eede4aa8cca9"}}
{"__type":"$$EventMessageConfirm","confirm":"4bfea329-9f37-4add-a77a-71ac0affa868","ts":"2025-07-23T07:08:03.297-04:00","source":{"id":"0","name":"eventBus"}}
{"__type":"$$EventMessageNode","id":"b2201fc2-e0d5-4547-a4ca-8c09f648d0e8","ts":"2025-07-23T07:08:03.297-04:00","eventName":"n8n.node.started","message":"n8n.node.started","payload":{"workflowId":"QDnUCputbdnQ56Kp","workflowName":"UTILS - Consulta telemetría ThingsBoard","executionId":"429","nodeType":"n8n-nodes-base.httpRequest","nodeName":"DEVICE ID","nodeId":"0d5438f5-73c8-448e-8050-6a8492fea582"}}
{"__type":"$$EventMessageConfirm","confirm":"b2201fc2-e0d5-4547-a4ca-8c09f648d0e8","ts":"2025-07-23T07:08:03.297-04:00","source":{"id":"0","name":"eventBus"}}
{"__type":"$$EventMessageNode","id":"2705e355-229d-4462-a432-ba01d64a466a","ts":"2025-07-23T07:08:03.304-04:00","eventName":"n8n.node.finished","message":"n8n.node.finished","payload":{"workflowId":"QDnUCputbdnQ56Kp","workflowName":"UTILS - Consulta telemetría ThingsBoard","executionId":"429","nodeType":"n8n-nodes-base.httpRequest","nodeName":"DEVICE ID","nodeId":"0d5438f5-73c8-448e-8050-6a8492fea582"}}
{"__type":"$$EventMessageConfirm","confirm":"2705e355-229d-4462-a432-ba01d64a466a","ts":"2025-07-23T07:08:03.304-04:00","source":{"id":"0","name":"eventBus"}}
{"__type":"$$EventMessageNode","id":"e974f43d-dde9-49c4-92f0-0c66fc551029","ts":"2025-07-23T07:08:03.304-04:00","eventName":"n8n.node.started","message":"n8n.node.started","payload":{"workflowId":"QDnUCputbdnQ56Kp","workflowName":"UTILS - Consulta telemetría ThingsBoard","executionId":"429","nodeType":"n8n-nodes-base.httpRequest","nodeName":"DEVICE KEYS","nodeId":"17ed22f9-d055-4e19-957b-da236f7355f0"}}
{"__type":"$$EventMessageConfirm","confirm":"e974f43d-dde9-49c4-92f0-0c66fc551029","ts":"2025-07-23T07:08:03.304-04:00","source":{"id":"0","name":"eventBus"}}
{"__type":"$$EventMessageNode","id":"598b871e-7d8f-4181-ba4b-ad4ca1390f33","ts":"2025-07-23T07:08:03.316-04:00","eventName":"n8n.node.finished","message":"n8n.node.finished","payload":{"workflowId":"QDnUCputbdnQ56Kp","workflowName":"UTILS - Consulta telemetría ThingsBoard","executionId":"429","nodeType":"n8n-nodes-base.httpRequest","nodeName":"DEVICE KEYS","nodeId":"17ed22f9-d055-4e19-957b-da236f7355f0"}}
{"__type":"$$EventMessageConfirm","confirm":"598b871e-7d8f-4181-ba4b-ad4ca1390f33","ts":"2025-07-23T07:08:03.316-04:00","source":{"id":"0","name":"eventBus"}}
{"__type":"$$EventMessageNode","id":"6f9a0cc0-dcba-40c6-baed-01c68e0b108e","ts":"2025-07-23T07:08:03.316-04:00","eventName":"n8n.node.started","message":"n8n.node.started","payload":{"workflowId":"QDnUCputbdnQ56Kp","workflowName":"UTILS - Consulta telemetría ThingsBoard","executionId":"429","nodeType":"n8n-nodes-base.code","nodeName":"Keys list to string","nodeId":"d05612e3-c474-4a70-a627-69d17b8cfc3f"}}
{"__type":"$$EventMessageConfirm","confirm":"6f9a0cc0-dcba-40c6-baed-01c68e0b108e","ts":"2025-07-23T07:08:03.316-04:00","source":{"id":"0","name":"eventBus"}}
{"__type":"$$EventMessageNode","id":"6b29bd8f-4b8e-4b45-a876-49881e319754","ts":"2025-07-23T07:08:03.320-04:00","eventName":"n8n.node.finished","message":"n8n.node.finished","payload":{"workflowId":"QDnUCputbdnQ56Kp","workflowName":"UTILS - Consulta telemetría ThingsBoard","executionId":"429","nodeType":"n8n-nodes-base.code","nodeName":"Keys list to string","nodeId":"d05612e3-c474-4a70-a627-69d17b8cfc3f"}}
{"__type":"$$EventMessageConfirm","confirm":"6b29bd8f-4b8e-4b45-a876-49881e319754","ts":"2025-07-23T07:08:03.320-04:00","source":{"id":"0","name":"eventBus"}}
{"__type":"$$EventMessageNode","id":"73abff25-bfc4-4c96-a008-9eec132acdda","ts":"2025-07-23T07:08:03.320-04:00","eventName":"n8n.node.started","message":"n8n.node.started","payload":{"workflowId":"QDnUCputbdnQ56Kp","workflowName":"UTILS - Consulta telemetría ThingsBoard","executionId":"429","nodeType":"n8n-nodes-base.httpRequest","nodeName":"TELEMETRY","nodeId":"465384c6-53f4-4a79-90f7-a7add52e306c"}}
{"__type":"$$EventMessageConfirm","confirm":"73abff25-bfc4-4c96-a008-9eec132acdda","ts":"2025-07-23T07:08:03.321-04:00","source":{"id":"0","name":"eventBus"}}
{"__type":"$$EventMessageNode","id":"929c6d49-97da-49b4-b8e9-acec396ca112","ts":"2025-07-23T07:08:03.337-04:00","eventName":"n8n.node.finished","message":"n8n.node.finished","payload":{"workflowId":"QDnUCputbdnQ56Kp","workflowName":"UTILS - Consulta telemetría ThingsBoard","executionId":"429","nodeType":"n8n-nodes-base.httpRequest","nodeName":"TELEMETRY","nodeId":"465384c6-53f4-4a79-90f7-a7add52e306c"}}
{"__type":"$$EventMessageConfirm","confirm":"929c6d49-97da-49b4-b8e9-acec396ca112","ts":"2025-07-23T07:08:03.338-04:00","source":{"id":"0","name":"eventBus"}}
{"__type":"$$EventMessageWorkflow","id":"6e4cdf93-703d-4392-938f-9cca04293db2","ts":"2025-07-23T07:08:03.338-04:00","eventName":"n8n.workflow.success","message":"n8n.workflow.success","payload":{"userId":"f55a37bb-3c2c-4b89-a9ee-cfc1ed810595","executionId":"429","success":true,"isManual":false,"workflowId":"QDnUCputbdnQ56Kp","workflowName":"UTILS - Consulta telemetría ThingsBoard"}}
{"__type":"$$EventMessageConfirm","confirm":"6e4cdf93-703d-4392-938f-9cca04293db2","ts":"2025-07-23T07:08:03.338-04:00","source":{"id":"0","name":"eventBus"}}
{"__type":"$$EventMessageNode","id":"d6a4615c-fcd8-4d28-9916-f2b37d86dc4d","ts":"2025-07-23T07:08:03.365-04:00","eventName":"n8n.node.finished","message":"n8n.node.finished","payload":{"workflowId":"bMamz7Z46I3VUwq9","workflowName":"My workflow","executionId":"428","nodeType":"n8n-nodes-base.executeWorkflow","nodeName":"Execute Workflow","nodeId":"2fae4bb1-1c35-4ae8-926a-dbf09ea5d23f"}}
{"__type":"$$EventMessageConfirm","confirm":"d6a4615c-fcd8-4d28-9916-f2b37d86dc4d","ts":"2025-07-23T07:08:03.365-04:00","source":{"id":"0","name":"eventBus"}}
{"__type":"$$EventMessageWorkflow","id":"42867599-af13-4cfc-b621-dc96786daa57","ts":"2025-07-23T07:08:03.367-04:00","eventName":"n8n.workflow.success","message":"n8n.workflow.success","payload":{"userId":"f55a37bb-3c2c-4b89-a9ee-cfc1ed810595","executionId":"428","success":true,"isManual":true,"workflowId":"bMamz7Z46I3VUwq9","workflowName":"My workflow"}}
{"__type":"$$EventMessageConfirm","confirm":"42867599-af13-4cfc-b621-dc96786daa57","ts":"2025-07-23T07:08:03.367-04:00","source":{"id":"0","name":"eventBus"}}
